data/UCF-Crime-DVS\RoadAccidents\RoadAccidents063_x264.npz: Processing timeout exceeded
data/UCF-Crime-DVS\RoadAccidents\RoadAccidents117_x264.npz: Processing timeout exceeded
data/UCF-Crime-DVS\Robbery\Robbery014_01_x264.npz: Processing timeout exceeded
data/UCF-Crime-DVS\Robbery\Robbery014_02_x264.npz: Processing timeout exceeded
data/UCF-Crime-DVS\Shoplifting\Shoplifting012_x264.npz: Processing timeout exceeded
data/UCF-Crime-DVS\Shoplifting\Shoplifting040_01_x264.npz: Processing timeout exceeded
data/UCF-Crime-DVS\RoadAccidents\RoadAccidents063_x264.npz: Processing timeout exceeded
data/UCF-Crime-DVS\Robbery\Robbery014_01_x264.npz: Processing timeout exceeded
data/UCF-Crime-DVS\Shoplifting\Shoplifting012_x264.npz: Processing timeout exceeded
data/UCF-Crime-DVS\Abuse\Abuse004_x264.npz: Processing timeout exceeded
data/UCF-Crime-DVS\Abuse\Abuse026_x264.npz: Processing timeout exceeded
data/UCF-Crime-DVS\Abuse\Abuse033_x264.npz: Processing timeout exceeded
data/UCF-Crime-DVS\Abuse\Abuse036_x264.npz: Processing timeout exceeded
data/UCF-Crime-DVS\Abuse\Abuse039_x264.npz: Processing timeout exceeded
data/UCF-Crime-DVS\Abuse\Abuse042_x264.npz: Processing timeout exceeded
data/UCF-Crime-DVS\Arrest\Arrest012_01_x264.npz: Processing timeout exceeded
data/UCF-Crime-DVS\Arrest\Arrest012_02_x264.npz: Processing timeout exceeded
data/UCF-Crime-DVS\Arrest\Arrest020_x264.npz: Processing timeout exceeded
data/UCF-Crime-DVS\Arrest\Arrest047_01_x264.npz: Processing timeout exceeded
data/UCF-Crime-DVS\Arrest\Arrest049_x264.npz: Processing timeout exceeded
data/UCF-Crime-DVS\Arson\Arson015_x264.npz: Processing timeout exceeded
data/UCF-Crime-DVS\Arson\Arson019_02_x264.npz: Processing timeout exceeded
data/UCF-Crime-DVS\Arson\Arson019_03_x264.npz: Processing timeout exceeded
data/UCF-Crime-DVS\Arson\Arson019_04_x264.npz: Processing timeout exceeded
data/UCF-Crime-DVS\Arson\Arson019_07_x264.npz: Processing timeout exceeded
data/UCF-Crime-DVS\Arson\Arson024_x264.npz: Processing timeout exceeded
data/UCF-Crime-DVS\Assualt\Assault006_x264.npz: Processing timeout exceeded
data/UCF-Crime-DVS\Burglary\Burglary064_x264.npz: Processing timeout exceeded
data/UCF-Crime-DVS\Burglary\Burglary096_x264.npz: Processing timeout exceeded
data/UCF-Crime-DVS\Explosion\Explosion040_x264.npz: Processing timeout exceeded
data/UCF-Crime-DVS\Explosion\Explosion046_02_x264.npz: Processing timeout exceeded
data/UCF-Crime-DVS\Explosion\Explosion046_03_x264.npz: Processing timeout exceeded
data/UCF-Crime-DVS\Explosion\Explosion046_04_x264.npz: Processing timeout exceeded
data/UCF-Crime-DVS\Explosion\Explosion046_05_x264.npz: Processing timeout exceeded
data/UCF-Crime-DVS\Fighting\Fighting041_01_x264.npz: Processing timeout exceeded
data/UCF-Crime-DVS\Fighting\Fighting050_01_x264.npz: Processing timeout exceeded
data/UCF-Crime-DVS\Fighting\Fighting050_02_x264.npz: Processing timeout exceeded
data/UCF-Crime-DVS\RoadAccidents\RoadAccidents063_x264.npz: Processing timeout exceeded
data/UCF-Crime-DVS\RoadAccidents\RoadAccidents117_x264.npz: Processing timeout exceeded
data/UCF-Crime-DVS\Robbery\Robbery014_01_x264.npz: Processing timeout exceeded
data/UCF-Crime-DVS\Robbery\Robbery014_02_x264.npz: Processing timeout exceeded
data/UCF-Crime-DVS\Robbery\Robbery026_x264.npz: Processing timeout exceeded
data/UCF-Crime-DVS\Robbery\Robbery034_x264.npz: Processing timeout exceeded
data/UCF-Crime-DVS\Robbery\Robbery086_x264.npz: Processing timeout exceeded
data/UCF-Crime-DVS\Robbery\Robbery088_x264.npz: Processing timeout exceeded
data/UCF-Crime-DVS\Robbery\Robbery090_x264.npz: Processing timeout exceeded
data/UCF-Crime-DVS\Shooting\Shooting032_x264.npz: Processing timeout exceeded
data/UCF-Crime-DVS\Shoplifting\Shoplifting003_x264.npz: Processing timeout exceeded
data/UCF-Crime-DVS\Shoplifting\Shoplifting009_x264.npz: Processing timeout exceeded
data/UCF-Crime-DVS\Shoplifting\Shoplifting012_x264.npz: Processing timeout exceeded
data/UCF-Crime-DVS\Shoplifting\Shoplifting014_01_x264.npz: Processing timeout exceeded
data/UCF-Crime-DVS\Shoplifting\Shoplifting014_02_x264.npz: Processing timeout exceeded
data/UCF-Crime-DVS\Shoplifting\Shoplifting014_03_x264.npz: Processing timeout exceeded
data/UCF-Crime-DVS\Shoplifting\Shoplifting014_04_x264.npz: Processing timeout exceeded
data/UCF-Crime-DVS\Shoplifting\Shoplifting030_x264.npz: Processing timeout exceeded
data/UCF-Crime-DVS\Shoplifting\Shoplifting034_x264.npz: Processing timeout exceeded
data/UCF-Crime-DVS\Shoplifting\Shoplifting040_01_x264.npz: Processing timeout exceeded
data/UCF-Crime-DVS\Shoplifting\Shoplifting041_x264.npz: Processing timeout exceeded
data/UCF-Crime-DVS\Shoplifting\Shoplifting044_x264.npz: Processing timeout exceeded
data/UCF-Crime-DVS\Shoplifting\Shoplifting052_x264.npz: Processing timeout exceeded
data/UCF-Crime-DVS\Stealing\Stealing068_x264.npz: Processing timeout exceeded
data/UCF-Crime-DVS\Stealing\Stealing077_x264.npz: Processing timeout exceeded
data/UCF-Crime-DVS/RoadAccidents/RoadAccidents100_x264_34.npz: "Missing key 't' in npz file"
data/UCF-Crime-DVS/RoadAccidents/RoadAccidents050_x264_68.npz: "Missing key 't' in npz file"
data/UCF-Crime-DVS/RoadAccidents/RoadAccidents065_x264_7.npz: "Missing key 't' in npz file"
data/UCF-Crime-DVS/RoadAccidents/RoadAccidents001_x264_83.npz: "Missing key 't' in npz file"
data/UCF-Crime-DVS/RoadAccidents/RoadAccidents040_x264_121.npz: "Missing key 't' in npz file"
data/UCF-Crime-DVS/RoadAccidents/RoadAccidents075_x264_20.npz: "Missing key 't' in npz file"
data/UCF-Crime-DVS/RoadAccidents/RoadAccidents008_x264_82.npz: "Missing key 't' in npz file"
data/UCF-Crime-DVS/RoadAccidents/RoadAccidents151_x264_51.npz: "Missing key 't' in npz file"
data/UCF-Crime-DVS/RoadAccidents/RoadAccidents003_x264_92.npz: "Missing key 't' in npz file"
data/UCF-Crime-DVS/RoadAccidents/RoadAccidents136_x264npz_181.npz: "Missing key 't' in npz file"
data/UCF-Crime-DVS/RoadAccidents/RoadAccidents135_x264_73.npz: "Missing key 't' in npz file"
data/UCF-Crime-DVS/RoadAccidents/RoadAccidents078_x264_418.npz: "Missing key 't' in npz file"
data/UCF-Crime-DVS/RoadAccidents/RoadAccidents007_x264_68.npz: "Missing key 't' in npz file"
data/UCF-Crime-DVS/RoadAccidents/RoadAccidents074_x264_119.npz: "Missing key 't' in npz file"
data/UCF-Crime-DVS/RoadAccidents/RoadAccidents039_x264_23.npz: "Missing key 't' in npz file"
data/UCF-Crime-DVS/RoadAccidents/RoadAccidents053_x264_42.npz: "Missing key 't' in npz file"
data/UCF-Crime-DVS/RoadAccidents/RoadAccidents077_x264_104.npz: "Missing key 't' in npz file"
data/UCF-Crime-DVS/RoadAccidents/RoadAccidents017_x264_14.npz: "Missing key 't' in npz file"
data/UCF-Crime-DVS/RoadAccidents/RoadAccidents020_x264_110.npz: "Missing key 't' in npz file"
data/UCF-Crime-DVS/RoadAccidents/RoadAccidents011_x264npz_134.npz: "Missing key 't' in npz file"
data/UCF-Crime-DVS/RoadAccidents/RoadAccidents125_x264_110.npz: "Missing key 't' in npz file"
data/UCF-Crime-DVS/RoadAccidents/RoadAccidents113_x264_113.npz: "Missing key 't' in npz file"
data/UCF-Crime-DVS/RoadAccidents/RoadAccidents090_x264_111.npz: "Missing key 't' in npz file"
data/UCF-Crime-DVS/RoadAccidents/RoadAccidents058_x264_43.npz: "Missing key 't' in npz file"
data/UCF-Crime-DVS/RoadAccidents/RoadAccidents098_x264_112.npz: "Missing key 't' in npz file"
data/UCF-Crime-DVS/RoadAccidents/RoadAccidents144_x264npz_54.npz: "Missing key 't' in npz file"
data/UCF-Crime-DVS/RoadAccidents/RoadAccidents023_x264_218.npz: "Missing key 't' in npz file"
data/UCF-Crime-DVS/RoadAccidents/RoadAccidents082_x264_85.npz: "Missing key 't' in npz file"
data/UCF-Crime-DVS/RoadAccidents/RoadAccidents081_x264_67.npz: "Missing key 't' in npz file"
data/UCF-Crime-DVS/RoadAccidents/RoadAccidents093_x264_113.npz: "Missing key 't' in npz file"
data/UCF-Crime-DVS/RoadAccidents/RoadAccidents150_x264_93.npz: "Missing key 't' in npz file"
data/UCF-Crime-DVS/RoadAccidents/RoadAccidents027_x264_5.npz: "Missing key 't' in npz file"
data/UCF-Crime-DVS/RoadAccidents/RoadAccidents062_x264_465.npz: "Missing key 't' in npz file"
data/UCF-Crime-DVS/RoadAccidents/RoadAccidents134_x264_17.npz: "Missing key 't' in npz file"
data/UCF-Crime-DVS/RoadAccidents/RoadAccidents010_x264_32.npz: "Missing key 't' in npz file"
data/UCF-Crime-DVS/RoadAccidents/RoadAccidents083_x264_75.npz: "Missing key 't' in npz file"
data/UCF-Crime-DVS/RoadAccidents/RoadAccidents067_x264_75.npz: "Missing key 't' in npz file"
data/UCF-Crime-DVS/RoadAccidents/RoadAccidents124_x264_92.npz: "Missing key 't' in npz file"
data/UCF-Crime-DVS/RoadAccidents/RoadAccidents096_x264_44.npz: "Missing key 't' in npz file"
data/UCF-Crime-DVS/RoadAccidents/RoadAccidents106_x264_149.npz: "Missing key 't' in npz file"
data/UCF-Crime-DVS/RoadAccidents/RoadAccidents054_x264_78.npz: "Missing key 't' in npz file"
data/UCF-Crime-DVS/RoadAccidents/RoadAccidents080_x264_80.npz: "Missing key 't' in npz file"
data/UCF-Crime-DVS/RoadAccidents/RoadAccidents139_x264_227.npz: "Missing key 't' in npz file"
data/UCF-Crime-DVS/RoadAccidents/RoadAccidents019_x264_81.npz: "Missing key 't' in npz file"
data/UCF-Crime-DVS/RoadAccidents/RoadAccidents103_x264_78.npz: "Missing key 't' in npz file"
data/UCF-Crime-DVS/RoadAccidents/RoadAccidents059_x264_118.npz: "Missing key 't' in npz file"
data/UCF-Crime-DVS/RoadAccidents/RoadAccidents116_x264npz_38.npz: "Missing key 't' in npz file"
data/UCF-Crime-DVS/RoadAccidents/RoadAccidents028_x264_36.npz: "Missing key 't' in npz file"
data/UCF-Crime-DVS/RoadAccidents/RoadAccidents013_x264_107.npz: "Missing key 't' in npz file"
data/UCF-Crime-DVS/RoadAccidents/RoadAccidents051_x264_25.npz: "Missing key 't' in npz file"
data/UCF-Crime-DVS/RoadAccidents/RoadAccidents057_x264npz_130.npz: "Missing key 't' in npz file"
data/UCF-Crime-DVS/RoadAccidents/RoadAccidents127_x264_161.npz: "Missing key 't' in npz file"
data/UCF-Crime-DVS/RoadAccidents/RoadAccidents115_x264_122.npz: "Missing key 't' in npz file"
data/UCF-Crime-DVS/RoadAccidents/RoadAccidents036_x264_81.npz: "Missing key 't' in npz file"
data/UCF-Crime-DVS/RoadAccidents/RoadAccidents024_x264_370.npz: "Missing key 't' in npz file"
data/UCF-Crime-DVS/RoadAccidents/RoadAccidents126_x264_75.npz: "Missing key 't' in npz file"
data/UCF-Crime-DVS/RoadAccidents/RoadAccidents068_x264_111.npz: "Missing key 't' in npz file"
data/UCF-Crime-DVS/RoadAccidents/RoadAccidents084_x264_53.npz: "Missing key 't' in npz file"
data/UCF-Crime-DVS/RoadAccidents/RoadAccidents066_x264_100.npz: "Missing key 't' in npz file"
data/UCF-Crime-DVS/RoadAccidents/RoadAccidents111_x264_76.npz: "Missing key 't' in npz file"
data/UCF-Crime-DVS/RoadAccidents/RoadAccidents035_x264npz_17.npz: "Missing key 't' in npz file"
data/UCF-Crime-DVS/RoadAccidents/RoadAccidents089_x264_69.npz: "Missing key 't' in npz file"
data/UCF-Crime-DVS/RoadAccidents/RoadAccidents055_x264_52.npz: "Missing key 't' in npz file"
data/UCF-Crime-DVS/RoadAccidents/RoadAccidents143_x264_55.npz: "Missing key 't' in npz file"
data/UCF-Crime-DVS/RoadAccidents/RoadAccidents141_x264_164.npz: "Missing key 't' in npz file"
data/UCF-Crime-DVS/RoadAccidents/RoadAccidents142_x264_269.npz: "Missing key 't' in npz file"
data/UCF-Crime-DVS/RoadAccidents/RoadAccidents009_x264_57.npz: "Missing key 't' in npz file"
data/UCF-Crime-DVS/RoadAccidents/RoadAccidents137_x264_62.npz: "Missing key 't' in npz file"
data/UCF-Crime-DVS/RoadAccidents/RoadAccidents133_x264_41.npz: "Missing key 't' in npz file"
data/UCF-Crime-DVS/RoadAccidents/RoadAccidents038_x264_31.npz: "Missing key 't' in npz file"
data/UCF-Crime-DVS/RoadAccidents/RoadAccidents118_x264_60.npz: "Missing key 't' in npz file"
data/UCF-Crime-DVS/RoadAccidents/RoadAccidents029_x264_31.npz: "Missing key 't' in npz file"
data/UCF-Crime-DVS/RoadAccidents/RoadAccidents087_x264_265.npz: "Missing key 't' in npz file"
data/UCF-Crime-DVS/RoadAccidents/RoadAccidents128_x264_34.npz: "Missing key 't' in npz file"
data/UCF-Crime-DVS/RoadAccidents/RoadAccidents046_x264_41.npz: "Missing key 't' in npz file"
data/UCF-Crime-DVS/RoadAccidents/RoadAccidents006_x264_105.npz: "Missing key 't' in npz file"
data/UCF-Crime-DVS/RoadAccidents/RoadAccidents132_x264_116.npz: "Missing key 't' in npz file"
data/UCF-Crime-DVS/RoadAccidents/RoadAccidents060_x264_52.npz: "Missing key 't' in npz file"
data/UCF-Crime-DVS/RoadAccidents/RoadAccidents114_x264_106.npz: "Missing key 't' in npz file"
data/UCF-Crime-DVS/RoadAccidents/RoadAccidents130_x264_79.npz: "Missing key 't' in npz file"
data/UCF-Crime-DVS/RoadAccidents/RoadAccidents092_x264_106.npz: "Missing key 't' in npz file"
data/UCF-Crime-DVS/RoadAccidents/RoadAccidents122_x264_40.npz: "Missing key 't' in npz file"
data/UCF-Crime-DVS/RoadAccidents/RoadAccidents026_x264_48.npz: "Missing key 't' in npz file"
data/UCF-Crime-DVS/RoadAccidents/RoadAccidents085_x264_277.npz: "Missing key 't' in npz file"
data/UCF-Crime-DVS/RoadAccidents/RoadAccidents048_x264npz_152.npz: "Missing key 't' in npz file"
data/UCF-Crime-DVS/RoadAccidents/RoadAccidents005_x264_13.npz: "Missing key 't' in npz file"
data/UCF-Crime-DVS/RoadAccidents/RoadAccidents072_x264_53.npz: "Missing key 't' in npz file"
data/UCF-Crime-DVS/RoadAccidents/RoadAccidents131_x264_94.npz: "Missing key 't' in npz file"
data/UCF-Crime-DVS/RoadAccidents/RoadAccidents063_x264_219.npz: "Missing key 't' in npz file"
data/UCF-Crime-DVS/RoadAccidents/RoadAccidents030_x264_80.npz: "Missing key 't' in npz file"
data/UCF-Crime-DVS/RoadAccidents/RoadAccidents022_x264_44.npz: "Missing key 't' in npz file"
data/UCF-Crime-DVS/RoadAccidents/RoadAccidents044_x264npz_24.npz: "Missing key 't' in npz file"
data/UCF-Crime-DVS/RoadAccidents/RoadAccidents104_x264npz_350.npz: "Missing key 't' in npz file"
data/UCF-Crime-DVS/RoadAccidents/RoadAccidents041_x264_14.npz: "Missing key 't' in npz file"
data/UCF-Crime-DVS/RoadAccidents/RoadAccidents123_x264_60.npz: "Missing key 't' in npz file"
data/UCF-Crime-DVS/RoadAccidents/RoadAccidents121_x264_114.npz: "Missing key 't' in npz file"
data/UCF-Crime-DVS/RoadAccidents/RoadAccidents061_x264_41.npz: "Missing key 't' in npz file"
data/UCF-Crime-DVS/RoadAccidents/RoadAccidents086_x264_56.npz: "Missing key 't' in npz file"
data/UCF-Crime-DVS/RoadAccidents/RoadAccidents112_x264_58.npz: "Missing key 't' in npz file"
data/UCF-Crime-DVS/RoadAccidents/RoadAccidents071_x264_39.npz: "Missing key 't' in npz file"
data/UCF-Crime-DVS/RoadAccidents/RoadAccidents047_x264_27.npz: "Missing key 't' in npz file"
data/UCF-Crime-DVS/RoadAccidents/RoadAccidents094_x264_112.npz: "Missing key 't' in npz file"
data/UCF-Crime-DVS/RoadAccidents/RoadAccidents146_x264_67.npz: "Missing key 't' in npz file"
data/UCF-Crime-DVS/RoadAccidents/RoadAccidents101_x264_16.npz: "Missing key 't' in npz file"
data/UCF-Crime-DVS/RoadAccidents/RoadAccidents031_x264_136.npz: "Missing key 't' in npz file"
data/UCF-Crime-DVS/RoadAccidents/RoadAccidents095_x264_71.npz: "Missing key 't' in npz file"
data/UCF-Crime-DVS/RoadAccidents/RoadAccidents105_x264_134.npz: "Missing key 't' in npz file"
data/UCF-Crime-DVS/RoadAccidents/RoadAccidents069_x264_20.npz: "Missing key 't' in npz file"
data/UCF-Crime-DVS/RoadAccidents/RoadAccidents147_x264npz_662.npz: "Missing key 't' in npz file"
data/UCF-Crime-DVS/RoadAccidents/RoadAccidents070_x264_39.npz: "Missing key 't' in npz file"
data/UCF-Crime-DVS/RoadAccidents/RoadAccidents033_x264npz_36.npz: "Missing key 't' in npz file"
data/UCF-Crime-DVS/RoadAccidents/RoadAccidents037_x264_136.npz: "Missing key 't' in npz file"
data/UCF-Crime-DVS/RoadAccidents/RoadAccidents021_x264_9.npz: "Missing key 't' in npz file"
data/UCF-Crime-DVS/RoadAccidents/RoadAccidents091_x264_83.npz: "Missing key 't' in npz file"
data/UCF-Crime-DVS/RoadAccidents/RoadAccidents032_x264_141.npz: "Missing key 't' in npz file"
data/UCF-Crime-DVS/RoadAccidents/RoadAccidents042_x264_57.npz: "Missing key 't' in npz file"
data/UCF-Crime-DVS/RoadAccidents/RoadAccidents076_x264npz_148.npz: "Missing key 't' in npz file"
data/UCF-Crime-DVS/RoadAccidents/RoadAccidents025_x264_73.npz: "Missing key 't' in npz file"
data/UCF-Crime-DVS/RoadAccidents/RoadAccidents079_x264_82.npz: "Missing key 't' in npz file"
data/UCF-Crime-DVS/RoadAccidents/RoadAccidents004_x264_24.npz: "Missing key 't' in npz file"
data/UCF-Crime-DVS/RoadAccidents/RoadAccidents097_x264_239.npz: "Missing key 't' in npz file"
data/UCF-Crime-DVS/RoadAccidents/RoadAccidents129_x264_15.npz: "Missing key 't' in npz file"
data/UCF-Crime-DVS/RoadAccidents/RoadAccidents107_x264_66.npz: "Missing key 't' in npz file"
data/UCF-Crime-DVS/RoadAccidents/RoadAccidents102_x264_22.npz: "Missing key 't' in npz file"
data/UCF-Crime-DVS/RoadAccidents/RoadAccidents018_x264_93.npz: "Missing key 't' in npz file"
data/UCF-Crime-DVS/RoadAccidents/RoadAccidents117_x264_127.npz: "Missing key 't' in npz file"
data/UCF-Crime-DVS/RoadAccidents/RoadAccidents110_x264_28.npz: "Missing key 't' in npz file"
data/UCF-Crime-DVS/RoadAccidents/RoadAccidents145_x264_71.npz: "Missing key 't' in npz file"
data/UCF-Crime-DVS/RoadAccidents/RoadAccidents002_x264npz_21.npz: "Missing key 't' in npz file"
data/UCF-Crime-DVS/RoadAccidents/RoadAccidents012_x264_29.npz: "Missing key 't' in npz file"
data/UCF-Crime-DVS/RoadAccidents/RoadAccidents016_x264_136.npz: "Missing key 't' in npz file"
data/UCF-Crime-DVS/RoadAccidents/RoadAccidents088_x264_88.npz: "Missing key 't' in npz file"
data/UCF-Crime-DVS/RoadAccidents/RoadAccidents034_x264_108.npz: "Missing key 't' in npz file"
data/UCF-Crime-DVS/RoadAccidents/RoadAccidents109_x264_251.npz: "Missing key 't' in npz file"
data/UCF-Crime-DVS/RoadAccidents/RoadAccidents140_x264_123.npz: "Missing key 't' in npz file"
data/UCF-Crime-DVS/RoadAccidents/RoadAccidents049_x264_45.npz: "Missing key 't' in npz file"
data/UCF-Crime-DVS/RoadAccidents/RoadAccidents119_x264_114.npz: "Missing key 't' in npz file"
data/UCF-Crime-DVS/RoadAccidents/RoadAccidents099_x264_81.npz: "Missing key 't' in npz file"
data/UCF-Crime-DVS/RoadAccidents/RoadAccidents064_x264_149.npz: "Missing key 't' in npz file"
data/UCF-Crime-DVS/RoadAccidents/RoadAccidents052_x264_22.npz: "Missing key 't' in npz file"
data/UCF-Crime-DVS/RoadAccidents/RoadAccidents148_x264_1128.npz: "Missing key 't' in npz file"
data/UCF-Crime-DVS/RoadAccidents/RoadAccidents043_x264npz_11.npz: "Missing key 't' in npz file"
data/UCF-Crime-DVS/RoadAccidents/RoadAccidents014_x264_743.npz: "Missing key 't' in npz file"
data/UCF-Crime-DVS/RoadAccidents/RoadAccidents073_x264_35.npz: "Missing key 't' in npz file"
data/UCF-Crime-DVS/RoadAccidents/RoadAccidents056_x264_56.npz: "Missing key 't' in npz file"
data/UCF-Crime-DVS/RoadAccidents/RoadAccidents138_x264_60.npz: "Missing key 't' in npz file"
data/UCF-Crime-DVS/RoadAccidents/RoadAccidents149_x264_133.npz: "Missing key 't' in npz file"
data/UCF-Crime-DVS/RoadAccidents/RoadAccidents108_x264_286.npz: "Missing key 't' in npz file"
data/UCF-Crime-DVS/RoadAccidents/RoadAccidents015_x264_83.npz: "Missing key 't' in npz file"
data/UCF-Crime-DVS/RoadAccidents/RoadAccidents120_x264npz_114.npz: "Missing key 't' in npz file"
data/UCF-Crime-DVS/Arrest/Arrest018_x264_149.npz: "Missing key 't' in npz file"
data/UCF-Crime-DVS/Arrest/Arrest051_x264_669.npz: "Missing key 't' in npz file"
data/UCF-Crime-DVS/Arrest/Arrest007_x264_197.npz: "Missing key 't' in npz file"
data/UCF-Crime-DVS/Arrest/Arrest015_x264_60.npz: "Missing key 't' in npz file"
data/UCF-Crime-DVS/Arrest/Arrest021_x264_545.npz: "Missing key 't' in npz file"
data/UCF-Crime-DVS/Arrest/Arrest046_x264_489.npz: "Missing key 't' in npz file"
data/UCF-Crime-DVS/Arrest/Arrest047_01_x264_2064.npz: "Missing key 't' in npz file"
data/UCF-Crime-DVS/Arrest/Arrest012_02_x264_337.npz: "Missing key 't' in npz file"
data/UCF-Crime-DVS/Arrest/Arrest038_x264_136.npz: "Missing key 't' in npz file"
data/UCF-Crime-DVS/Arrest/Arrest036_x264_238.npz: "Missing key 't' in npz file"
data/UCF-Crime-DVS/Arrest/Arrest004_x264_224.npz: "Missing key 't' in npz file"
data/UCF-Crime-DVS/Arrest/Arrest024_x264_224.npz: "Missing key 't' in npz file"
data/UCF-Crime-DVS/Arrest/Arrest049_x264_737.npz: "Missing key 't' in npz file"
data/UCF-Crime-DVS/Arrest/Arrest003_x264_189.npz: "Missing key 't' in npz file"
data/UCF-Crime-DVS/Arrest/Arrest022_x264_97.npz: "Missing key 't' in npz file"
data/UCF-Crime-DVS/Arrest/Arrest025_x264_65.npz: "Missing key 't' in npz file"
data/UCF-Crime-DVS/Arrest/Arrest001_x264_149.npz: "Missing key 't' in npz file"
data/UCF-Crime-DVS/Arrest/Arrest028_x264_154.npz: "Missing key 't' in npz file"
data/UCF-Crime-DVS/Arrest/Arrest016_x264_661.npz: "Missing key 't' in npz file"
data/UCF-Crime-DVS/Arrest/Arrest019_x264_86.npz: "Missing key 't' in npz file"
data/UCF-Crime-DVS/Arrest/Arrest050_x264_443.npz: "Missing key 't' in npz file"
data/UCF-Crime-DVS/Arrest/Arrest011_x264_136.npz: "Missing key 't' in npz file"
data/UCF-Crime-DVS/Arrest/Arrest012_03_x264_337.npz: "Missing key 't' in npz file"
data/UCF-Crime-DVS/Arrest/Arrest017_x264_214.npz: "Missing key 't' in npz file"
data/UCF-Crime-DVS/Arrest/Arrest012_01_x264_337.npz: "Missing key 't' in npz file"
data/UCF-Crime-DVS/Arrest/Arrest023_x264_112.npz: "Missing key 't' in npz file"
data/UCF-Crime-DVS/Arrest/Arrest041_x264_241.npz: "Missing key 't' in npz file"
data/UCF-Crime-DVS/Arrest/Arrest029_x264_485.npz: "Missing key 't' in npz file"
data/UCF-Crime-DVS/Arrest/Arrest039_x264_987.npz: "Missing key 't' in npz file"
data/UCF-Crime-DVS/Arrest/Arrest027_x264_106.npz: "Missing key 't' in npz file"
data/UCF-Crime-DVS/Arrest/Arrest010_x264_164.npz: "Missing key 't' in npz file"
data/UCF-Crime-DVS/Arrest/Arrest013_x264_68.npz: "Missing key 't' in npz file"
data/UCF-Crime-DVS/Arrest/Arrest034_x264_725.npz: "Missing key 't' in npz file"
data/UCF-Crime-DVS/Arrest/Arrest035_x264_386.npz: "Missing key 't' in npz file"
data/UCF-Crime-DVS/Arrest/Arrest032_x264_103.npz: "Missing key 't' in npz file"
data/UCF-Crime-DVS/Arrest/Arrest042_x264_99.npz: "Missing key 't' in npz file"
data/UCF-Crime-DVS/Arrest/Arrest040_x264_108.npz: "Missing key 't' in npz file"
data/UCF-Crime-DVS/Arrest/Arrest043_x264_673.npz: "Missing key 't' in npz file"
data/UCF-Crime-DVS/Arrest/Arrest047_02_x264_1875.npz: "Missing key 't' in npz file"
data/UCF-Crime-DVS/Arrest/Arrest008_x264_399.npz: "Missing key 't' in npz file"
data/UCF-Crime-DVS/Arrest/Arrest030_x264_538.npz: "Missing key 't' in npz file"
data/UCF-Crime-DVS/Arrest/Arrest005_x264_229.npz: "Missing key 't' in npz file"
data/UCF-Crime-DVS/Arrest/Arrest033_x264_481.npz: "Missing key 't' in npz file"
data/UCF-Crime-DVS/Arrest/Arrest026_x264_404.npz: "Missing key 't' in npz file"
data/UCF-Crime-DVS/Arrest/Arrest037_x264_132.npz: "Missing key 't' in npz file"
data/UCF-Crime-DVS/Arrest/Arrest020_x264_184.npz: "Missing key 't' in npz file"
data/UCF-Crime-DVS/Arrest/Arrest009_x264_106.npz: "Missing key 't' in npz file"
data/UCF-Crime-DVS/Arrest/Arrest048_x264_254.npz: "Missing key 't' in npz file"
data/UCF-Crime-DVS/Arrest/Arrest031_x264_115.npz: "Missing key 't' in npz file"
data/UCF-Crime-DVS/Arrest/Arrest044_x264_211.npz: "Missing key 't' in npz file"
data/UCF-Crime-DVS/Arrest/Arrest006_x264_193.npz: "Missing key 't' in npz file"
data/UCF-Crime-DVS/Arrest/Arrest002_x264_111.npz: "Missing key 't' in npz file"
data/UCF-Crime-DVS/Arrest/Arrest014_x264_95.npz: "Missing key 't' in npz file"
data/UCF-Crime-DVS/Shooting/Shooting014_x264_400.npz: "Missing key 't' in npz file"
data/UCF-Crime-DVS/Shooting/Shooting026_x264_87.npz: "Missing key 't' in npz file"
data/UCF-Crime-DVS/Shooting/Shooting010_x264_165.npz: "Missing key 't' in npz file"
data/UCF-Crime-DVS/Shooting/Shooting052_x264_347.npz: "Missing key 't' in npz file"
data/UCF-Crime-DVS/Shooting/Shooting002_x264_75.npz: "Missing key 't' in npz file"
data/UCF-Crime-DVS/Shooting/Shooting050_x264_239.npz: "Missing key 't' in npz file"
data/UCF-Crime-DVS/Shooting/Shooting053_x264_57.npz: "Missing key 't' in npz file"
data/UCF-Crime-DVS/Shooting/Shooting022_x264_284.npz: "Missing key 't' in npz file"
data/UCF-Crime-DVS/Shooting/Shooting031_x264_132.npz: "Missing key 't' in npz file"
data/UCF-Crime-DVS/Shooting/Shooting036_x264_239.npz: "Missing key 't' in npz file"
data/UCF-Crime-DVS/Shooting/Shooting001_x264_16.npz: "Missing key 't' in npz file"
data/UCF-Crime-DVS/Shooting/Shooting042_x264_96.npz: "Missing key 't' in npz file"
data/UCF-Crime-DVS/Shooting/Shooting023_x264_26.npz: "Missing key 't' in npz file"
data/UCF-Crime-DVS/Shooting/Shooting034_x264_88.npz: "Missing key 't' in npz file"
data/UCF-Crime-DVS/Shooting/Shooting017_x264_58.npz: "Missing key 't' in npz file"
data/UCF-Crime-DVS/Shooting/Shooting027_x264_44.npz: "Missing key 't' in npz file"
data/UCF-Crime-DVS/Shooting/Shooting005_x264_333.npz: "Missing key 't' in npz file"
data/UCF-Crime-DVS/Shooting/Shooting032_x264_1353.npz: "Missing key 't' in npz file"
data/UCF-Crime-DVS/Shooting/Shooting024_x264_129.npz: "Missing key 't' in npz file"
data/UCF-Crime-DVS/Shooting/Shooting043_x264_117.npz: "Missing key 't' in npz file"
data/UCF-Crime-DVS/Shooting/Shooting011_x264_250.npz: "Missing key 't' in npz file"
data/UCF-Crime-DVS/Shooting/Shooting006_x264_816.npz: "Missing key 't' in npz file"
data/UCF-Crime-DVS/Shooting/Shooting020_x264_318.npz: "Missing key 't' in npz file"
data/UCF-Crime-DVS/Shooting/Shooting025_x264_148.npz: "Missing key 't' in npz file"
data/UCF-Crime-DVS/Shooting/Shooting044_x264_28.npz: "Missing key 't' in npz file"
data/UCF-Crime-DVS/Shooting/Shooting048_x264npz_171.npz: "Missing key 't' in npz file"
data/UCF-Crime-DVS/Shooting/Shooting003_x264_142.npz: "Missing key 't' in npz file"
data/UCF-Crime-DVS/Shooting/Shooting008_x264_101.npz: "Missing key 't' in npz file"
data/UCF-Crime-DVS/Shooting/Shooting047_x264_517.npz: "Missing key 't' in npz file"
data/UCF-Crime-DVS/Shooting/Shooting004_x264_112.npz: "Missing key 't' in npz file"
data/UCF-Crime-DVS/Shooting/Shooting028_x264_118.npz: "Missing key 't' in npz file"
data/UCF-Crime-DVS/Shooting/Shooting046_x264_317.npz: "Missing key 't' in npz file"
data/UCF-Crime-DVS/Shooting/Shooting033_x264_227.npz: "Missing key 't' in npz file"
data/UCF-Crime-DVS/Shooting/Shooting021_x264_80.npz: "Missing key 't' in npz file"
data/UCF-Crime-DVS/Shooting/Shooting009_x264npz_322.npz: "Missing key 't' in npz file"
data/UCF-Crime-DVS/Shooting/Shooting039_x264_52.npz: "Missing key 't' in npz file"
data/UCF-Crime-DVS/Shooting/Shooting037_x264_19.npz: "Missing key 't' in npz file"
data/UCF-Crime-DVS/Shooting/Shooting054_x264_45.npz: "Missing key 't' in npz file"
data/UCF-Crime-DVS/Shooting/Shooting018_x264_111.npz: "Missing key 't' in npz file"
data/UCF-Crime-DVS/Shooting/Shooting038_x264_81.npz: "Missing key 't' in npz file"
data/UCF-Crime-DVS/Shooting/Shooting051_x264_87.npz: "Missing key 't' in npz file"
data/UCF-Crime-DVS/Shooting/Shooting029_x264_85.npz: "Missing key 't' in npz file"
data/UCF-Crime-DVS/Shooting/Shooting012_x264_117.npz: "Missing key 't' in npz file"
data/UCF-Crime-DVS/Shooting/Shooting040_x264_53.npz: "Missing key 't' in npz file"
data/UCF-Crime-DVS/Shooting/Shooting030_x264_75.npz: "Missing key 't' in npz file"
data/UCF-Crime-DVS/Shooting/Shooting041_x264_87.npz: "Missing key 't' in npz file"
data/UCF-Crime-DVS/Shooting/Shooting013_x264_67.npz: "Missing key 't' in npz file"
data/UCF-Crime-DVS/Shooting/Shooting019_x264_173.npz: "Missing key 't' in npz file"
data/UCF-Crime-DVS/Shooting/Shooting015_x264_106.npz: "Missing key 't' in npz file"
data/UCF-Crime-DVS/Shooting/Shooting007_x264_89.npz: "Missing key 't' in npz file"
data/UCF-Crime-DVS/Abuse/Abuse019_x264_245.npz: "Missing key 't' in npz file"
data/UCF-Crime-DVS/Abuse/Abuse006_x264_271.npz: "Missing key 't' in npz file"
data/UCF-Crime-DVS/Abuse/Abuse003_x264_229.npz: "Missing key 't' in npz file"
data/UCF-Crime-DVS/Abuse/Abuse021_x264_118.npz: "Missing key 't' in npz file"
data/UCF-Crime-DVS/Abuse/Abuse032_x264_292.npz: "Missing key 't' in npz file"
data/UCF-Crime-DVS/Abuse/Abuse018_x264_151.npz: "Missing key 't' in npz file"
data/UCF-Crime-DVS/Abuse/Abuse035_x264_166.npz: "Missing key 't' in npz file"
data/UCF-Crime-DVS/Abuse/Abuse045_x264_316.npz: "Missing key 't' in npz file"
data/UCF-Crime-DVS/Abuse/Abuse024_x264_63.npz: "Missing key 't' in npz file"
data/UCF-Crime-DVS/Abuse/Abuse049_x264_133.npz: "Missing key 't' in npz file"
data/UCF-Crime-DVS/Abuse/Abuse007_x264_68.npz: "Missing key 't' in npz file"
data/UCF-Crime-DVS/Abuse/Abuse029_x264_18.npz: "Missing key 't' in npz file"
data/UCF-Crime-DVS/Abuse/Abuse031_x264_274.npz: "Missing key 't' in npz file"
data/UCF-Crime-DVS/Abuse/Abuse002_x264_53.npz: "Missing key 't' in npz file"
data/UCF-Crime-DVS/Abuse/Abuse016_x264_87.npz: "Missing key 't' in npz file"
data/UCF-Crime-DVS/Abuse/Abuse022_x264_176.npz: "Missing key 't' in npz file"
data/UCF-Crime-DVS/Abuse/Abuse025_x264_126.npz: "Missing key 't' in npz file"
data/UCF-Crime-DVS/Abuse/Abuse023_x264_61.npz: "Missing key 't' in npz file"
data/UCF-Crime-DVS/Abuse/Abuse004_x264_1048.npz: "Missing key 't' in npz file"
data/UCF-Crime-DVS/Abuse/Abuse012_x264_318.npz: "Missing key 't' in npz file"
data/UCF-Crime-DVS/Abuse/Abuse011_x264_225.npz: "Missing key 't' in npz file"
data/UCF-Crime-DVS/Abuse/Abuse038_x264_52.npz: "Missing key 't' in npz file"
data/UCF-Crime-DVS/Abuse/Abuse008_x264_523.npz: "Missing key 't' in npz file"
data/UCF-Crime-DVS/Abuse/Abuse042_x264_1779.npz: "Missing key 't' in npz file"
data/UCF-Crime-DVS/Abuse/Abuse041_x264_83.npz: "Missing key 't' in npz file"
data/UCF-Crime-DVS/Abuse/Abuse027_x264_272.npz: "Missing key 't' in npz file"
data/UCF-Crime-DVS/Abuse/Abuse036_x264_292.npz: "Missing key 't' in npz file"
data/UCF-Crime-DVS/Abuse/Abuse014_x264_159.npz: "Missing key 't' in npz file"
data/UCF-Crime-DVS/Abuse/Abuse048_x264_211.npz: "Missing key 't' in npz file"
data/UCF-Crime-DVS/Abuse/Abuse020_x264_192.npz: "Missing key 't' in npz file"
data/UCF-Crime-DVS/Abuse/Abuse043_x264_239.npz: "Missing key 't' in npz file"
data/UCF-Crime-DVS/Abuse/Abuse039_x264_882.npz: "Missing key 't' in npz file"
data/UCF-Crime-DVS/Abuse/Abuse040_x264_212.npz: "Missing key 't' in npz file"
data/UCF-Crime-DVS/Abuse/Abuse037_x264_109.npz: "Missing key 't' in npz file"
data/UCF-Crime-DVS/Abuse/Abuse046_x264_71.npz: "Missing key 't' in npz file"
data/UCF-Crime-DVS/Abuse/Abuse044_x264_244.npz: "Missing key 't' in npz file"
data/UCF-Crime-DVS/Abuse/Abuse015_x264_491.npz: "Missing key 't' in npz file"
data/UCF-Crime-DVS/Abuse/Abuse013_x264_304.npz: "Missing key 't' in npz file"
data/UCF-Crime-DVS/Abuse/Abuse028_x264_87.npz: "Missing key 't' in npz file"
data/UCF-Crime-DVS/Abuse/Abuse010_x264_70.npz: "Missing key 't' in npz file"
data/UCF-Crime-DVS/Abuse/Abuse047_x264_96.npz: "Missing key 't' in npz file"
data/UCF-Crime-DVS/Abuse/Abuse001_x264_171.npz: "Missing key 't' in npz file"
data/UCF-Crime-DVS/Abuse/Abuse017_x264_118.npz: "Missing key 't' in npz file"
data/UCF-Crime-DVS/Abuse/Abuse033_x264_175.npz: "Missing key 't' in npz file"
data/UCF-Crime-DVS/Abuse/Abuse009_x264_63.npz: "Missing key 't' in npz file"
data/UCF-Crime-DVS/Abuse/Abuse005_x264_57.npz: "Missing key 't' in npz file"
data/UCF-Crime-DVS/Abuse/Abuse026_x264_123.npz: "Missing key 't' in npz file"
data/UCF-Crime-DVS/Abuse/Abuse034_x264_97.npz: "Missing key 't' in npz file"
data/UCF-Crime-DVS/Abuse/Abuse050_x264_303.npz: "Missing key 't' in npz file"
data/UCF-Crime-DVS/Abuse/Abuse030_x264_95.npz: "Missing key 't' in npz file"
data/UCF-Crime-DVS/Burglary/Burglary068_x264_40.npz: "Missing key 't' in npz file"
data/UCF-Crime-DVS/Burglary/Burglary074_x264_138.npz: "Missing key 't' in npz file"
data/UCF-Crime-DVS/Burglary/Burglary020_x264_206.npz: "Missing key 't' in npz file"
data/UCF-Crime-DVS/Burglary/Burglary002_x264_190.npz: "Missing key 't' in npz file"
data/UCF-Crime-DVS/Burglary/Burglary090_x264_171.npz: "Missing key 't' in npz file"
data/UCF-Crime-DVS/Burglary/Burglary096_x264_413.npz: "Missing key 't' in npz file"
data/UCF-Crime-DVS/Burglary/Burglary033_x264_77.npz: "Missing key 't' in npz file"
data/UCF-Crime-DVS/Burglary/Burglary003_x264_72.npz: "Missing key 't' in npz file"
data/UCF-Crime-DVS/Burglary/Burglary042_x264_263.npz: "Missing key 't' in npz file"
data/UCF-Crime-DVS/Burglary/Burglary005_x264_483.npz: "Missing key 't' in npz file"
data/UCF-Crime-DVS/Burglary/Burglary063_x264_265.npz: "Missing key 't' in npz file"
data/UCF-Crime-DVS/Burglary/Burglary048_x264_102.npz: "Missing key 't' in npz file"
data/UCF-Crime-DVS/Burglary/Burglary010_x264_366.npz: "Missing key 't' in npz file"
data/UCF-Crime-DVS/Burglary/Burglary082_x264_172.npz: "Missing key 't' in npz file"
data/UCF-Crime-DVS/Burglary/Burglary009_x264_158.npz: "Missing key 't' in npz file"
data/UCF-Crime-DVS/Burglary/Burglary091_x264_206.npz: "Missing key 't' in npz file"
data/UCF-Crime-DVS/Burglary/Burglary088_x264_303.npz: "Missing key 't' in npz file"
data/UCF-Crime-DVS/Burglary/Burglary049_x264_575.npz: "Missing key 't' in npz file"
data/UCF-Crime-DVS/Burglary/Burglary008_x264_307.npz: "Missing key 't' in npz file"
data/UCF-Crime-DVS/Burglary/Burglary058_x264_713.npz: "Missing key 't' in npz file"
data/UCF-Crime-DVS/Burglary/Burglary066_x264_137.npz: "Missing key 't' in npz file"
data/UCF-Crime-DVS/Burglary/Burglary027_x264_194.npz: "Missing key 't' in npz file"
data/UCF-Crime-DVS/Burglary/Burglary022_x264_176.npz: "Missing key 't' in npz file"
data/UCF-Crime-DVS/Burglary/Burglary026_x264_93.npz: "Missing key 't' in npz file"
data/UCF-Crime-DVS/Burglary/Burglary051_x264_78.npz: "Missing key 't' in npz file"
data/UCF-Crime-DVS/Burglary/Burglary016_x264_327.npz: "Missing key 't' in npz file"
data/UCF-Crime-DVS/Burglary/Burglary031_x264_389.npz: "Missing key 't' in npz file"
data/UCF-Crime-DVS/Burglary/Burglary013_x264_139.npz: "Missing key 't' in npz file"
data/UCF-Crime-DVS/Burglary/Burglary064_x264_3037.npz: "Missing key 't' in npz file"
data/UCF-Crime-DVS/Burglary/Burglary095_x264_2540.npz: "Missing key 't' in npz file"
data/UCF-Crime-DVS/Burglary/Burglary014_x264_160.npz: "Missing key 't' in npz file"
data/UCF-Crime-DVS/Burglary/Burglary078_x264_18.npz: "Missing key 't' in npz file"
data/UCF-Crime-DVS/Burglary/Burglary050_x264_70.npz: "Missing key 't' in npz file"
data/UCF-Crime-DVS/Burglary/Burglary069_x264_131.npz: "Missing key 't' in npz file"
data/UCF-Crime-DVS/Burglary/Burglary040_x264_355.npz: "Missing key 't' in npz file"
data/UCF-Crime-DVS/Burglary/Burglary035_x264_251.npz: "Missing key 't' in npz file"
data/UCF-Crime-DVS/Burglary/Burglary036_x264_62.npz: "Missing key 't' in npz file"
data/UCF-Crime-DVS/Burglary/Burglary021_x264_95.npz: "Missing key 't' in npz file"
data/UCF-Crime-DVS/Burglary/Burglary032_x264_985.npz: "Missing key 't' in npz file"
data/UCF-Crime-DVS/Burglary/Burglary083_x264_366.npz: "Missing key 't' in npz file"
data/UCF-Crime-DVS/Burglary/Burglary084_x264_280.npz: "Missing key 't' in npz file"
data/UCF-Crime-DVS/Burglary/Burglary065_x264_584.npz: "Missing key 't' in npz file"
data/UCF-Crime-DVS/Burglary/Burglary062_x264_702.npz: "Missing key 't' in npz file"
data/UCF-Crime-DVS/Burglary/Burglary028_x264_59.npz: "Missing key 't' in npz file"
data/UCF-Crime-DVS/Burglary/Burglary015_x264_68.npz: "Missing key 't' in npz file"
data/UCF-Crime-DVS/Burglary/Burglary070_x264_50.npz: "Missing key 't' in npz file"
data/UCF-Crime-DVS/Burglary/Burglary041_x264_112.npz: "Missing key 't' in npz file"
data/UCF-Crime-DVS/Burglary/Burglary034_x264_78.npz: "Missing key 't' in npz file"
data/UCF-Crime-DVS/Burglary/Burglary061_x264_560.npz: "Missing key 't' in npz file"
data/UCF-Crime-DVS/Burglary/Burglary053_x264_204.npz: "Missing key 't' in npz file"
data/UCF-Crime-DVS/Burglary/Burglary094_x264_89.npz: "Missing key 't' in npz file"
data/UCF-Crime-DVS/Burglary/Burglary007_x264_67.npz: "Missing key 't' in npz file"
data/UCF-Crime-DVS/Burglary/Burglary100_x264_461.npz: "Missing key 't' in npz file"
data/UCF-Crime-DVS/Burglary/Burglary085_x264_179.npz: "Missing key 't' in npz file"
data/UCF-Crime-DVS/Burglary/Burglary077_x264_118.npz: "Missing key 't' in npz file"
data/UCF-Crime-DVS/Burglary/Burglary092_x264_39.npz: "Missing key 't' in npz file"
data/UCF-Crime-DVS/Burglary/Burglary004_x264_110.npz: "Missing key 't' in npz file"
data/UCF-Crime-DVS/Burglary/Burglary017_x264_131.npz: "Missing key 't' in npz file"
data/UCF-Crime-DVS/Burglary/Burglary037_x264_118.npz: "Missing key 't' in npz file"
data/UCF-Crime-DVS/Burglary/Burglary089_x264_209.npz: "Missing key 't' in npz file"
data/UCF-Crime-DVS/Burglary/Burglary044_x264_430.npz: "Missing key 't' in npz file"
data/UCF-Crime-DVS/Burglary/Burglary029_x264_313.npz: "Missing key 't' in npz file"
data/UCF-Crime-DVS/Burglary/Burglary045_x264_683.npz: "Missing key 't' in npz file"
data/UCF-Crime-DVS/Burglary/Burglary038_x264_55.npz: "Missing key 't' in npz file"
data/UCF-Crime-DVS/Burglary/Burglary057_x264_345.npz: "Missing key 't' in npz file"
data/UCF-Crime-DVS/Burglary/Burglary073_x264_172.npz: "Missing key 't' in npz file"
data/UCF-Crime-DVS/Burglary/Burglary019_x264_181.npz: "Missing key 't' in npz file"
data/UCF-Crime-DVS/Burglary/Burglary043_x264_32.npz: "Missing key 't' in npz file"
data/UCF-Crime-DVS/Burglary/Burglary086_x264_202.npz: "Missing key 't' in npz file"
data/UCF-Crime-DVS/Burglary/Burglary099_x264_82.npz: "Missing key 't' in npz file"
data/UCF-Crime-DVS/Burglary/Burglary001_x264_246.npz: "Missing key 't' in npz file"
data/UCF-Crime-DVS/Burglary/Burglary097_x264_18.npz: "Missing key 't' in npz file"
data/UCF-Crime-DVS/Burglary/Burglary079_x264_927.npz: "Missing key 't' in npz file"
data/UCF-Crime-DVS/Burglary/Burglary011_x264_121.npz: "Missing key 't' in npz file"
data/UCF-Crime-DVS/Burglary/Burglary056_x264_86.npz: "Missing key 't' in npz file"
data/UCF-Crime-DVS/Burglary/Burglary052_x264_622.npz: "Missing key 't' in npz file"
data/UCF-Crime-DVS/Burglary/Burglary039_x264_587.npz: "Missing key 't' in npz file"
data/UCF-Crime-DVS/Burglary/Burglary075_x264_974.npz: "Missing key 't' in npz file"
data/UCF-Crime-DVS/Burglary/Burglary093_x264_46.npz: "Missing key 't' in npz file"
data/UCF-Crime-DVS/Burglary/Burglary046_x264_142.npz: "Missing key 't' in npz file"
data/UCF-Crime-DVS/Burglary/Burglary025_x264_388.npz: "Missing key 't' in npz file"
data/UCF-Crime-DVS/Burglary/Burglary024_x264_224.npz: "Missing key 't' in npz file"
data/UCF-Crime-DVS/Burglary/Burglary076_x264_806.npz: "Missing key 't' in npz file"
data/UCF-Crime-DVS/Burglary/Burglary030_x264_54.npz: "Missing key 't' in npz file"
data/UCF-Crime-DVS/Burglary/Burglary055_x264_175.npz: "Missing key 't' in npz file"
data/UCF-Crime-DVS/Burglary/Burglary071_x264_222.npz: "Missing key 't' in npz file"
data/UCF-Crime-DVS/Burglary/Burglary059_x264_27.npz: "Missing key 't' in npz file"
data/UCF-Crime-DVS/Burglary/Burglary006_x264_557.npz: "Missing key 't' in npz file"
data/UCF-Crime-DVS/Burglary/Burglary060_x264_47.npz: "Missing key 't' in npz file"
data/UCF-Crime-DVS/Burglary/Burglary012_x264_105.npz: "Missing key 't' in npz file"
data/UCF-Crime-DVS/Burglary/Burglary054_x264_27.npz: "Missing key 't' in npz file"
data/UCF-Crime-DVS/Burglary/Burglary080_x264_71.npz: "Missing key 't' in npz file"
data/UCF-Crime-DVS/Burglary/Burglary098_x264_55.npz: "Missing key 't' in npz file"
data/UCF-Crime-DVS/Burglary/Burglary072_x264_158.npz: "Missing key 't' in npz file"
data/UCF-Crime-DVS/Burglary/Burglary067_x264_81.npz: "Missing key 't' in npz file"
data/UCF-Crime-DVS/Burglary/Burglary087_x264_137.npz: "Missing key 't' in npz file"
data/UCF-Crime-DVS/Burglary/Burglary047_x264_171.npz: "Missing key 't' in npz file"
data/UCF-Crime-DVS/Burglary/Burglary018_x264_69.npz: "Missing key 't' in npz file"
data/UCF-Crime-DVS/Burglary/Burglary023_x264_620.npz: "Missing key 't' in npz file"
data/UCF-Crime-DVS/Burglary/Burglary081_x264_24.npz: "Missing key 't' in npz file"
data/UCF-Crime-DVS/Robbery/Robbery139_x264_60.npz: "Missing key 't' in npz file"
data/UCF-Crime-DVS/Robbery/Robbery078_x264_149.npz: "Missing key 't' in npz file"
data/UCF-Crime-DVS/Robbery/Robbery140_x264_66.npz: "Missing key 't' in npz file"
data/UCF-Crime-DVS/Robbery/Robbery026_x264_819.npz: "Missing key 't' in npz file"
data/UCF-Crime-DVS/Robbery/Robbery087_x264_62.npz: "Missing key 't' in npz file"
data/UCF-Crime-DVS/Robbery/Robbery055_x264_596.npz: "Missing key 't' in npz file"
data/UCF-Crime-DVS/Robbery/Robbery097_x264_220.npz: "Missing key 't' in npz file"
data/UCF-Crime-DVS/Robbery/Robbery031_x264_68.npz: "Missing key 't' in npz file"
data/UCF-Crime-DVS/Robbery/Robbery125_x264_442.npz: "Missing key 't' in npz file"
data/UCF-Crime-DVS/Robbery/Robbery112_x264_85.npz: "Missing key 't' in npz file"
data/UCF-Crime-DVS/Robbery/Robbery062_x264_224.npz: "Missing key 't' in npz file"
data/UCF-Crime-DVS/Robbery/Robbery034_x264_395.npz: "Missing key 't' in npz file"
data/UCF-Crime-DVS/Robbery/Robbery118_x264_121.npz: "Missing key 't' in npz file"
data/UCF-Crime-DVS/Robbery/Robbery088_x264_294.npz: "Missing key 't' in npz file"
data/UCF-Crime-DVS/Robbery/Robbery007_x264_128.npz: "Missing key 't' in npz file"
data/UCF-Crime-DVS/Robbery/Robbery134_x264_38.npz: "Missing key 't' in npz file"
data/UCF-Crime-DVS/Robbery/Robbery039_x264_32.npz: "Missing key 't' in npz file"
data/UCF-Crime-DVS/Robbery/Robbery089_x264_16.npz: "Missing key 't' in npz file"
data/UCF-Crime-DVS/Robbery/Robbery105_x264_137.npz: "Missing key 't' in npz file"
data/UCF-Crime-DVS/Robbery/Robbery075_x264_182.npz: "Missing key 't' in npz file"
data/UCF-Crime-DVS/Robbery/Robbery148_x264_225.npz: "Missing key 't' in npz file"
data/UCF-Crime-DVS/Robbery/Robbery014_02_x264_376.npz: "Missing key 't' in npz file"
data/UCF-Crime-DVS/Robbery/Robbery084_x264_200.npz: "Missing key 't' in npz file"
data/UCF-Crime-DVS/Robbery/Robbery147_x264npz_54.npz: "Missing key 't' in npz file"
data/UCF-Crime-DVS/Robbery/Robbery124_x264_596.npz: "Missing key 't' in npz file"
data/UCF-Crime-DVS/Robbery/Robbery143_x264npz_58.npz: "Missing key 't' in npz file"
data/UCF-Crime-DVS/Robbery/Robbery126_x264_97.npz: "Missing key 't' in npz file"
data/UCF-Crime-DVS/Robbery/Robbery086_x264_449.npz: "Missing key 't' in npz file"
data/UCF-Crime-DVS/Robbery/Robbery038_x264_114.npz: "Missing key 't' in npz file"
data/UCF-Crime-DVS/Robbery/Robbery121_x264_87.npz: "Missing key 't' in npz file"
data/UCF-Crime-DVS/Robbery/Robbery115_x264_114.npz: "Missing key 't' in npz file"
data/UCF-Crime-DVS/Robbery/Robbery024_x264_149.npz: "Missing key 't' in npz file"
data/UCF-Crime-DVS/Robbery/Robbery102_x264_113.npz: "Missing key 't' in npz file"
data/UCF-Crime-DVS/Robbery/Robbery051_x264_99.npz: "Missing key 't' in npz file"
data/UCF-Crime-DVS/Robbery/Robbery111_x264_356.npz: "Missing key 't' in npz file"
data/UCF-Crime-DVS/Robbery/Robbery052_x264_224.npz: "Missing key 't' in npz file"
data/UCF-Crime-DVS/Robbery/Robbery066_x264_298.npz: "Missing key 't' in npz file"
data/UCF-Crime-DVS/Robbery/Robbery022_x264_219.npz: "Missing key 't' in npz file"
data/UCF-Crime-DVS/Robbery/Robbery033_x264_59.npz: "Missing key 't' in npz file"
data/UCF-Crime-DVS/Robbery/Robbery032_x264_337.npz: "Missing key 't' in npz file"
data/UCF-Crime-DVS/Robbery/Robbery110_x264_158.npz: "Missing key 't' in npz file"
data/UCF-Crime-DVS/Robbery/Robbery059_x264_602.npz: "Missing key 't' in npz file"
data/UCF-Crime-DVS/Robbery/Robbery027_x264_337.npz: "Missing key 't' in npz file"
data/UCF-Crime-DVS/Robbery/Robbery128_x264_411.npz: "Missing key 't' in npz file"
data/UCF-Crime-DVS/Robbery/Robbery063_x264_132.npz: "Missing key 't' in npz file"
data/UCF-Crime-DVS/Robbery/Robbery012_x264_46.npz: "Missing key 't' in npz file"
data/UCF-Crime-DVS/Robbery/Robbery138_x264_38.npz: "Missing key 't' in npz file"
data/UCF-Crime-DVS/Robbery/Robbery122_x264_64.npz: "Missing key 't' in npz file"
data/UCF-Crime-DVS/Robbery/Robbery014_01_x264_579.npz: "Missing key 't' in npz file"
data/UCF-Crime-DVS/Robbery/Robbery029_x264_136.npz: "Missing key 't' in npz file"
data/UCF-Crime-DVS/Robbery/Robbery071_x264_97.npz: "Missing key 't' in npz file"
data/UCF-Crime-DVS/Robbery/Robbery116_x264npz_27.npz: "Missing key 't' in npz file"
data/UCF-Crime-DVS/Robbery/Robbery030_x264_185.npz: "Missing key 't' in npz file"
data/UCF-Crime-DVS/Robbery/Robbery056_x264_172.npz: "Missing key 't' in npz file"
data/UCF-Crime-DVS/Robbery/Robbery133_x264_111.npz: "Missing key 't' in npz file"
data/UCF-Crime-DVS/Robbery/Robbery083_x264_60.npz: "Missing key 't' in npz file"
data/UCF-Crime-DVS/Robbery/Robbery011_x264_101.npz: "Missing key 't' in npz file"
data/UCF-Crime-DVS/Robbery/Robbery145_x264_83.npz: "Missing key 't' in npz file"
data/UCF-Crime-DVS/Robbery/Robbery100_x264_280.npz: "Missing key 't' in npz file"
data/UCF-Crime-DVS/Robbery/Robbery040_x264_65.npz: "Missing key 't' in npz file"
data/UCF-Crime-DVS/Robbery/Robbery067_x264_249.npz: "Missing key 't' in npz file"
data/UCF-Crime-DVS/Robbery/Robbery106_x264npz_74.npz: "Missing key 't' in npz file"
data/UCF-Crime-DVS/Robbery/Robbery076_x264_48.npz: "Missing key 't' in npz file"
data/UCF-Crime-DVS/Robbery/Robbery113_x264_50.npz: "Missing key 't' in npz file"
data/UCF-Crime-DVS/Robbery/Robbery028_x264_146.npz: "Missing key 't' in npz file"
data/UCF-Crime-DVS/Robbery/Robbery037_x264_545.npz: "Missing key 't' in npz file"
data/UCF-Crime-DVS/Robbery/Robbery013_x264_226.npz: "Missing key 't' in npz file"
data/UCF-Crime-DVS/Robbery/Robbery131_x264_94.npz: "Missing key 't' in npz file"
data/UCF-Crime-DVS/Robbery/Robbery117_x264_209.npz: "Missing key 't' in npz file"
data/UCF-Crime-DVS/Robbery/Robbery060_x264_131.npz: "Missing key 't' in npz file"
data/UCF-Crime-DVS/Robbery/Robbery146_x264_102.npz: "Missing key 't' in npz file"
data/UCF-Crime-DVS/Robbery/Robbery120_x264_59.npz: "Missing key 't' in npz file"
data/UCF-Crime-DVS/Robbery/Robbery015_x264_170.npz: "Missing key 't' in npz file"
data/UCF-Crime-DVS/Robbery/Robbery077_x264_70.npz: "Missing key 't' in npz file"
data/UCF-Crime-DVS/Robbery/Robbery001_x264npz_62.npz: "Missing key 't' in npz file"
data/UCF-Crime-DVS/Robbery/Robbery057_x264_133.npz: "Missing key 't' in npz file"
data/UCF-Crime-DVS/Robbery/Robbery150_x264_230.npz: "Missing key 't' in npz file"
data/UCF-Crime-DVS/Robbery/Robbery023_x264npz_69.npz: "Missing key 't' in npz file"
data/UCF-Crime-DVS/Robbery/Robbery053_x264npz_114.npz: "Missing key 't' in npz file"
data/UCF-Crime-DVS/Robbery/Robbery042_x264_135.npz: "Missing key 't' in npz file"
data/UCF-Crime-DVS/Robbery/Robbery144_x264_49.npz: "Missing key 't' in npz file"
data/UCF-Crime-DVS/Robbery/Robbery049_x264_123.npz: "Missing key 't' in npz file"
data/UCF-Crime-DVS/Robbery/Robbery043_x264_64.npz: "Missing key 't' in npz file"
data/UCF-Crime-DVS/Robbery/Robbery094_x264_232.npz: "Missing key 't' in npz file"
data/UCF-Crime-DVS/Robbery/Robbery065_x264_149.npz: "Missing key 't' in npz file"
data/UCF-Crime-DVS/Robbery/Robbery130_x264_114.npz: "Missing key 't' in npz file"
data/UCF-Crime-DVS/Robbery/Robbery018_x264_179.npz: "Missing key 't' in npz file"
data/UCF-Crime-DVS/Robbery/Robbery092_x264_52.npz: "Missing key 't' in npz file"
data/UCF-Crime-DVS/Robbery/Robbery080_x264_154.npz: "Missing key 't' in npz file"
data/UCF-Crime-DVS/Robbery/Robbery004_x264_95.npz: "Missing key 't' in npz file"
data/UCF-Crime-DVS/Robbery/Robbery099_x264_99.npz: "Missing key 't' in npz file"
data/UCF-Crime-DVS/Robbery/Robbery090_x264_418.npz: "Missing key 't' in npz file"
data/UCF-Crime-DVS/Robbery/Robbery019_x264_359.npz: "Missing key 't' in npz file"
data/UCF-Crime-DVS/Robbery/Robbery135_x264_204.npz: "Missing key 't' in npz file"
data/UCF-Crime-DVS/Robbery/Robbery079_x264npz_46.npz: "Missing key 't' in npz file"
data/UCF-Crime-DVS/Robbery/Robbery093_x264_72.npz: "Missing key 't' in npz file"
data/UCF-Crime-DVS/Robbery/Robbery025_x264_91.npz: "Missing key 't' in npz file"
data/UCF-Crime-DVS/Robbery/Robbery054_x264_123.npz: "Missing key 't' in npz file"
data/UCF-Crime-DVS/Robbery/Robbery020_x264_274.npz: "Missing key 't' in npz file"
data/UCF-Crime-DVS/Robbery/Robbery003_x264_61.npz: "Missing key 't' in npz file"
data/UCF-Crime-DVS/Robbery/Robbery127_x264_78.npz: "Missing key 't' in npz file"
data/UCF-Crime-DVS/Robbery/Robbery058_x264npz_109.npz: "Missing key 't' in npz file"
data/UCF-Crime-DVS/Robbery/Robbery108_x264_89.npz: "Missing key 't' in npz file"
data/UCF-Crime-DVS/Robbery/Robbery142_x264_156.npz: "Missing key 't' in npz file"
data/UCF-Crime-DVS/Robbery/Robbery149_x264_77.npz: "Missing key 't' in npz file"
data/UCF-Crime-DVS/Robbery/Robbery085_x264_116.npz: "Missing key 't' in npz file"
data/UCF-Crime-DVS/Robbery/Robbery041_x264_85.npz: "Missing key 't' in npz file"
data/UCF-Crime-DVS/Robbery/Robbery073_x264_468.npz: "Missing key 't' in npz file"
data/UCF-Crime-DVS/Robbery/Robbery044_x264_29.npz: "Missing key 't' in npz file"
data/UCF-Crime-DVS/Robbery/Robbery095_x264_78.npz: "Missing key 't' in npz file"
data/UCF-Crime-DVS/Robbery/Robbery082_x264_98.npz: "Missing key 't' in npz file"
data/UCF-Crime-DVS/Robbery/Robbery017_x264npz_271.npz: "Missing key 't' in npz file"
data/UCF-Crime-DVS/Robbery/Robbery074_x264npz_49.npz: "Missing key 't' in npz file"
data/UCF-Crime-DVS/Robbery/Robbery008_x264_140.npz: "Missing key 't' in npz file"
data/UCF-Crime-DVS/Robbery/Robbery119_x264_191.npz: "Missing key 't' in npz file"
data/UCF-Crime-DVS/Robbery/Robbery109_x264_188.npz: "Missing key 't' in npz file"
data/UCF-Crime-DVS/Robbery/Robbery068_x264_24.npz: "Missing key 't' in npz file"
data/UCF-Crime-DVS/Robbery/Robbery002_x264_199.npz: "Missing key 't' in npz file"
data/UCF-Crime-DVS/Robbery/Robbery091_x264_118.npz: "Missing key 't' in npz file"
data/UCF-Crime-DVS/Robbery/Robbery050_x264_106.npz: "Missing key 't' in npz file"
data/UCF-Crime-DVS/Robbery/Robbery069_x264_42.npz: "Missing key 't' in npz file"
data/UCF-Crime-DVS/Robbery/Robbery010_x264_190.npz: "Missing key 't' in npz file"
data/UCF-Crime-DVS/Robbery/Robbery103_x264_136.npz: "Missing key 't' in npz file"
data/UCF-Crime-DVS/Robbery/Robbery101_x264_208.npz: "Missing key 't' in npz file"
data/UCF-Crime-DVS/Robbery/Robbery137_x264_136.npz: "Missing key 't' in npz file"
data/UCF-Crime-DVS/Robbery/Robbery045_x264_207.npz: "Missing key 't' in npz file"
data/UCF-Crime-DVS/Robbery/Robbery098_x264_756.npz: "Missing key 't' in npz file"
data/UCF-Crime-DVS/Robbery/Robbery036_x264_385.npz: "Missing key 't' in npz file"
data/UCF-Crime-DVS/Robbery/Robbery129_x264_139.npz: "Missing key 't' in npz file"
data/UCF-Crime-DVS/Robbery/Robbery132_x264_40.npz: "Missing key 't' in npz file"
data/UCF-Crime-DVS/Robbery/Robbery081_x264_343.npz: "Missing key 't' in npz file"
data/UCF-Crime-DVS/Robbery/Robbery123_x264_66.npz: "Missing key 't' in npz file"
data/UCF-Crime-DVS/Robbery/Robbery016_x264_102.npz: "Missing key 't' in npz file"
data/UCF-Crime-DVS/Robbery/Robbery009_x264_199.npz: "Missing key 't' in npz file"
data/UCF-Crime-DVS/Robbery/Robbery047_x264_95.npz: "Missing key 't' in npz file"
data/UCF-Crime-DVS/Robbery/Robbery046_x264_52.npz: "Missing key 't' in npz file"
data/UCF-Crime-DVS/Robbery/Robbery104_x264_108.npz: "Missing key 't' in npz file"
data/UCF-Crime-DVS/Robbery/Robbery064_x264_88.npz: "Missing key 't' in npz file"
data/UCF-Crime-DVS/Robbery/Robbery072_x264_86.npz: "Missing key 't' in npz file"
data/UCF-Crime-DVS/Robbery/Robbery005_x264_172.npz: "Missing key 't' in npz file"
data/UCF-Crime-DVS/Robbery/Robbery136_x264_68.npz: "Missing key 't' in npz file"
data/UCF-Crime-DVS/Robbery/Robbery048_x264_88.npz: "Missing key 't' in npz file"
data/UCF-Crime-DVS/Robbery/Robbery006_x264_212.npz: "Missing key 't' in npz file"
data/UCF-Crime-DVS/Robbery/Robbery107_x264_104.npz: "Missing key 't' in npz file"
data/UCF-Crime-DVS/Robbery/Robbery114_x264_128.npz: "Missing key 't' in npz file"
data/UCF-Crime-DVS/Robbery/Robbery096_x264_251.npz: "Missing key 't' in npz file"
data/UCF-Crime-DVS/Robbery/Robbery021_x264_513.npz: "Missing key 't' in npz file"
data/UCF-Crime-DVS/Robbery/Robbery061_x264_228.npz: "Missing key 't' in npz file"
data/UCF-Crime-DVS/Robbery/Robbery035_x264_290.npz: "Missing key 't' in npz file"
data/UCF-Crime-DVS/Robbery/Robbery141_x264_248.npz: "Missing key 't' in npz file"
data/UCF-Crime-DVS/Robbery/Robbery070_x264_36.npz: "Missing key 't' in npz file"
data/UCF-Crime-DVS/Assualt/Assault042_x264_560.npz: "Missing key 't' in npz file"
data/UCF-Crime-DVS/Assualt/Assault014_x264_118.npz: "Missing key 't' in npz file"
data/UCF-Crime-DVS/Assualt/Assault027_x264_435.npz: "Missing key 't' in npz file"
data/UCF-Crime-DVS/Assualt/Assault026_x264_51.npz: "Missing key 't' in npz file"
data/UCF-Crime-DVS/Assualt/Assault030_x264_109.npz: "Missing key 't' in npz file"
data/UCF-Crime-DVS/Assualt/Assault035_x264_55.npz: "Missing key 't' in npz file"
data/UCF-Crime-DVS/Assualt/Assault012_x264_48.npz: "Missing key 't' in npz file"
data/UCF-Crime-DVS/Assualt/Assault019_x264_157.npz: "Missing key 't' in npz file"
data/UCF-Crime-DVS/Assualt/Assault036_x264_55.npz: "Missing key 't' in npz file"
data/UCF-Crime-DVS/Assualt/Assault005_x264_73.npz: "Missing key 't' in npz file"
data/UCF-Crime-DVS/Assualt/Assault041_x264_312.npz: "Missing key 't' in npz file"
data/UCF-Crime-DVS/Assualt/Assault013_x264_147.npz: "Missing key 't' in npz file"
data/UCF-Crime-DVS/Assualt/Assault039_x264_17.npz: "Missing key 't' in npz file"
data/UCF-Crime-DVS/Assualt/Assault040_x264_234.npz: "Missing key 't' in npz file"
data/UCF-Crime-DVS/Assualt/Assault015_x264_93.npz: "Missing key 't' in npz file"
data/UCF-Crime-DVS/Assualt/Assault047_x264_206.npz: "Missing key 't' in npz file"
data/UCF-Crime-DVS/Assualt/Assault038_x264_8.npz: "Missing key 't' in npz file"
data/UCF-Crime-DVS/Assualt/Assault029_x264_37.npz: "Missing key 't' in npz file"
data/UCF-Crime-DVS/Assualt/Assault008_x264_469.npz: "Missing key 't' in npz file"
data/UCF-Crime-DVS/Assualt/Assault050_x264_37.npz: "Missing key 't' in npz file"
data/UCF-Crime-DVS/Assualt/Assault034_x264_144.npz: "Missing key 't' in npz file"
data/UCF-Crime-DVS/Assualt/Assault032_x264_35.npz: "Missing key 't' in npz file"
data/UCF-Crime-DVS/Assualt/Assault006_x264_501.npz: "Missing key 't' in npz file"
data/UCF-Crime-DVS/Assualt/Assault025_x264_70.npz: "Missing key 't' in npz file"
data/UCF-Crime-DVS/Assualt/Assault045_x264_69.npz: "Missing key 't' in npz file"
data/UCF-Crime-DVS/Assualt/Assault044_x264_46.npz: "Missing key 't' in npz file"
data/UCF-Crime-DVS/Assualt/Assault007_x264_121.npz: "Missing key 't' in npz file"
data/UCF-Crime-DVS/Assualt/Assault001_x264_155.npz: "Missing key 't' in npz file"
data/UCF-Crime-DVS/Assualt/Assault051_x264_37.npz: "Missing key 't' in npz file"
data/UCF-Crime-DVS/Assualt/Assault009_x264_224.npz: "Missing key 't' in npz file"
data/UCF-Crime-DVS/Assualt/Assault037_x264_199.npz: "Missing key 't' in npz file"
data/UCF-Crime-DVS/Assualt/Assault020_x264_29.npz: "Missing key 't' in npz file"
data/UCF-Crime-DVS/Assualt/Assault011_x264_142.npz: "Missing key 't' in npz file"
data/UCF-Crime-DVS/Assualt/Assault052_x264_49.npz: "Missing key 't' in npz file"
data/UCF-Crime-DVS/Assualt/Assault046_x264_58.npz: "Missing key 't' in npz file"
data/UCF-Crime-DVS/Assualt/Assault023_x264_61.npz: "Missing key 't' in npz file"
data/UCF-Crime-DVS/Assualt/Assault022_x264_156.npz: "Missing key 't' in npz file"
data/UCF-Crime-DVS/Assualt/Assault024_x264_26.npz: "Missing key 't' in npz file"
data/UCF-Crime-DVS/Assualt/Assault033_x264_78.npz: "Missing key 't' in npz file"
data/UCF-Crime-DVS/Assualt/Assault010_x264_1009.npz: "Missing key 't' in npz file"
data/UCF-Crime-DVS/Assualt/Assault017_x264_151.npz: "Missing key 't' in npz file"
data/UCF-Crime-DVS/Assualt/Assault004_x264_199.npz: "Missing key 't' in npz file"
data/UCF-Crime-DVS/Assualt/Assault031_x264_46.npz: "Missing key 't' in npz file"
data/UCF-Crime-DVS/Assualt/Assault049_x264_81.npz: "Missing key 't' in npz file"
data/UCF-Crime-DVS/Assualt/Assault016_x264_412.npz: "Missing key 't' in npz file"
data/UCF-Crime-DVS/Assualt/Assault003_x264_276.npz: "Missing key 't' in npz file"
data/UCF-Crime-DVS/Assualt/Assault002_x264_157.npz: "Missing key 't' in npz file"
data/UCF-Crime-DVS/Assualt/Assault048_x264_111.npz: "Missing key 't' in npz file"
data/UCF-Crime-DVS/Assualt/Assault018_x264_22.npz: "Missing key 't' in npz file"
data/UCF-Crime-DVS/Assualt/Assault028_x264_163.npz: "Missing key 't' in npz file"
data/UCF-Crime-DVS/Shoplifting/Shoplifting054_x264_64.npz: "Missing key 't' in npz file"
data/UCF-Crime-DVS/Shoplifting/Shoplifting017_x264_28.npz: "Missing key 't' in npz file"
data/UCF-Crime-DVS/Shoplifting/Shoplifting045_x264_102.npz: "Missing key 't' in npz file"
data/UCF-Crime-DVS/Shoplifting/Shoplifting048_x264npz_194.npz: "Missing key 't' in npz file"
data/UCF-Crime-DVS/Shoplifting/Shoplifting033_x264_56.npz: "Missing key 't' in npz file"
data/UCF-Crime-DVS/Shoplifting/Shoplifting022_x264_136.npz: "Missing key 't' in npz file"
data/UCF-Crime-DVS/Shoplifting/Shoplifting041_x264_770.npz: "Missing key 't' in npz file"
data/UCF-Crime-DVS/Shoplifting/Shoplifting014_03_x264_938.npz: "Missing key 't' in npz file"
data/UCF-Crime-DVS/Shoplifting/Shoplifting003_x264_676.npz: "Missing key 't' in npz file"
data/UCF-Crime-DVS/Shoplifting/Shoplifting012_x264_1464.npz: "Missing key 't' in npz file"
data/UCF-Crime-DVS/Shoplifting/Shoplifting050_x264_156.npz: "Missing key 't' in npz file"
data/UCF-Crime-DVS/Shoplifting/Shoplifting021_x264_221.npz: "Missing key 't' in npz file"
data/UCF-Crime-DVS/Shoplifting/Shoplifting020_x264_360.npz: "Missing key 't' in npz file"
data/UCF-Crime-DVS/Shoplifting/Shoplifting009_x264_324.npz: "Missing key 't' in npz file"
data/UCF-Crime-DVS/Shoplifting/Shoplifting029_x264_135.npz: "Missing key 't' in npz file"
data/UCF-Crime-DVS/Shoplifting/Shoplifting014_04_x264_1313.npz: "Missing key 't' in npz file"
data/UCF-Crime-DVS/Shoplifting/Shoplifting005_x264npz_122.npz: "Missing key 't' in npz file"
data/UCF-Crime-DVS/Shoplifting/Shoplifting036_x264_228.npz: "Missing key 't' in npz file"
data/UCF-Crime-DVS/Shoplifting/Shoplifting014_01_x264_981.npz: "Missing key 't' in npz file"
data/UCF-Crime-DVS/Shoplifting/Shoplifting042_x264_320.npz: "Missing key 't' in npz file"
data/UCF-Crime-DVS/Shoplifting/Shoplifting024_x264_75.npz: "Missing key 't' in npz file"
data/UCF-Crime-DVS/Shoplifting/Shoplifting049_x264_134.npz: "Missing key 't' in npz file"
data/UCF-Crime-DVS/Shoplifting/Shoplifting028_x264_84.npz: "Missing key 't' in npz file"
data/UCF-Crime-DVS/Shoplifting/Shoplifting047_x264_148.npz: "Missing key 't' in npz file"
data/UCF-Crime-DVS/Shoplifting/Shoplifting037_x264_86.npz: "Missing key 't' in npz file"
data/UCF-Crime-DVS/Shoplifting/Shoplifting055_x264_423.npz: "Missing key 't' in npz file"
data/UCF-Crime-DVS/Shoplifting/Shoplifting010_x264_170.npz: "Missing key 't' in npz file"
data/UCF-Crime-DVS/Shoplifting/Shoplifting025_x264_113.npz: "Missing key 't' in npz file"
data/UCF-Crime-DVS/Shoplifting/Shoplifting013_x264_126.npz: "Missing key 't' in npz file"
data/UCF-Crime-DVS/Shoplifting/Shoplifting008_x264_557.npz: "Missing key 't' in npz file"
data/UCF-Crime-DVS/Shoplifting/Shoplifting043_x264_594.npz: "Missing key 't' in npz file"
data/UCF-Crime-DVS/Shoplifting/Shoplifting052_x264_477.npz: "Missing key 't' in npz file"
data/UCF-Crime-DVS/Shoplifting/Shoplifting039_x264_174.npz: "Missing key 't' in npz file"
data/UCF-Crime-DVS/Shoplifting/Shoplifting031_x264_27.npz: "Missing key 't' in npz file"
data/UCF-Crime-DVS/Shoplifting/Shoplifting026_x264_87.npz: "Missing key 't' in npz file"
data/UCF-Crime-DVS/Shoplifting/Shoplifting001_x264_316.npz: "Missing key 't' in npz file"
data/UCF-Crime-DVS/Shoplifting/Shoplifting015_x264_140.npz: "Missing key 't' in npz file"
data/UCF-Crime-DVS/Shoplifting/Shoplifting053_x264npz_130.npz: "Missing key 't' in npz file"
data/UCF-Crime-DVS/Shoplifting/Shoplifting040_01_x264_856.npz: "Missing key 't' in npz file"
data/UCF-Crime-DVS/Shoplifting/Shoplifting018_x264_133.npz: "Missing key 't' in npz file"
data/UCF-Crime-DVS/Shoplifting/Shoplifting006_x264_197.npz: "Missing key 't' in npz file"
data/UCF-Crime-DVS/Shoplifting/Shoplifting038_x264_181.npz: "Missing key 't' in npz file"
data/UCF-Crime-DVS/Shoplifting/Shoplifting004_x264_417.npz: "Missing key 't' in npz file"
data/UCF-Crime-DVS/Shoplifting/Shoplifting016_x264_92.npz: "Missing key 't' in npz file"
data/UCF-Crime-DVS/Shoplifting/Shoplifting034_x264_745.npz: "Missing key 't' in npz file"
data/UCF-Crime-DVS/Shoplifting/Shoplifting007_x264_320.npz: "Missing key 't' in npz file"
data/UCF-Crime-DVS/Shoplifting/Shoplifting032_x264_88.npz: "Missing key 't' in npz file"
data/UCF-Crime-DVS/Shoplifting/Shoplifting030_x264_1511.npz: "Missing key 't' in npz file"
data/UCF-Crime-DVS/Shoplifting/Shoplifting027_x264_116.npz: "Missing key 't' in npz file"
data/UCF-Crime-DVS/Shoplifting/Shoplifting051_x264_450.npz: "Missing key 't' in npz file"
data/UCF-Crime-DVS/Shoplifting/Shoplifting014_02_x264_938.npz: "Missing key 't' in npz file"
data/UCF-Crime-DVS/Shoplifting/Shoplifting044_x264_909.npz: "Missing key 't' in npz file"
data/UCF-Crime-DVS/Shoplifting/Shoplifting019_x264npz_40.npz: "Missing key 't' in npz file"
data/UCF-Crime-DVS/Fighting/Fighting016_x264_181.npz: "Missing key 't' in npz file"
data/UCF-Crime-DVS/Fighting/Fighting050_01_x264_891.npz: "Missing key 't' in npz file"
data/UCF-Crime-DVS/Fighting/Fighting025_x264_298.npz: "Missing key 't' in npz file"
data/UCF-Crime-DVS/Fighting/Fighting039_x264_425.npz: "Missing key 't' in npz file"
data/UCF-Crime-DVS/Fighting/Fighting004_x264_1048.npz: "Missing key 't' in npz file"
data/UCF-Crime-DVS/Fighting/Fighting006_x264_58.npz: "Missing key 't' in npz file"
data/UCF-Crime-DVS/Fighting/Fighting044_x264_392.npz: "Missing key 't' in npz file"
data/UCF-Crime-DVS/Fighting/Fighting040_x264_145.npz: "Missing key 't' in npz file"
data/UCF-Crime-DVS/Fighting/Fighting018_x264_86.npz: "Missing key 't' in npz file"
data/UCF-Crime-DVS/Fighting/Fighting011_x264_514.npz: "Missing key 't' in npz file"
data/UCF-Crime-DVS/Fighting/Fighting017_x264_129.npz: "Missing key 't' in npz file"
data/UCF-Crime-DVS/Fighting/Fighting003_x264_193.npz: "Missing key 't' in npz file"
data/UCF-Crime-DVS/Fighting/Fighting008_02_x264_376.npz: "Missing key 't' in npz file"
data/UCF-Crime-DVS/Fighting/Fighting048_x264_430.npz: "Missing key 't' in npz file"
data/UCF-Crime-DVS/Fighting/Fighting010_x264_365.npz: "Missing key 't' in npz file"
data/UCF-Crime-DVS/Fighting/Fighting042_x264_139.npz: "Missing key 't' in npz file"
data/UCF-Crime-DVS/Fighting/Fighting050_02_x264_750.npz: "Missing key 't' in npz file"
data/UCF-Crime-DVS/Fighting/Fighting035_x264_59.npz: "Missing key 't' in npz file"
data/UCF-Crime-DVS/Fighting/Fighting034_x264_391.npz: "Missing key 't' in npz file"
data/UCF-Crime-DVS/Fighting/Fighting030_x264_139.npz: "Missing key 't' in npz file"
data/UCF-Crime-DVS/Fighting/Fighting022_x264_271.npz: "Missing key 't' in npz file"
data/UCF-Crime-DVS/Fighting/Fighting037_x264_272.npz: "Missing key 't' in npz file"
data/UCF-Crime-DVS/Fighting/Fighting009_x264_133.npz: "Missing key 't' in npz file"
data/UCF-Crime-DVS/Fighting/Fighting041_01_x264_1039.npz: "Missing key 't' in npz file"
data/UCF-Crime-DVS/Fighting/Fighting046_x264_186.npz: "Missing key 't' in npz file"
data/UCF-Crime-DVS/Fighting/Fighting032_x264_83.npz: "Missing key 't' in npz file"
data/UCF-Crime-DVS/Fighting/Fighting029_x264_272.npz: "Missing key 't' in npz file"
data/UCF-Crime-DVS/Fighting/Fighting049_x264_96.npz: "Missing key 't' in npz file"
data/UCF-Crime-DVS/Fighting/Fighting043_x264_196.npz: "Missing key 't' in npz file"
data/UCF-Crime-DVS/Fighting/Fighting007_x264_237.npz: "Missing key 't' in npz file"
data/UCF-Crime-DVS/Fighting/Fighting024_x264_409.npz: "Missing key 't' in npz file"
data/UCF-Crime-DVS/Fighting/Fighting020_x264_137.npz: "Missing key 't' in npz file"
data/UCF-Crime-DVS/Fighting/Fighting002_x264_166.npz: "Missing key 't' in npz file"
data/UCF-Crime-DVS/Fighting/Fighting036_x264_236.npz: "Missing key 't' in npz file"
data/UCF-Crime-DVS/Fighting/Fighting047_x264_278.npz: "Missing key 't' in npz file"
data/UCF-Crime-DVS/Fighting/Fighting041_02_x264_938.npz: "Missing key 't' in npz file"
data/UCF-Crime-DVS/Fighting/Fighting045_x264_369.npz: "Missing key 't' in npz file"
data/UCF-Crime-DVS/Fighting/Fighting033_x264_68.npz: "Missing key 't' in npz file"
data/UCF-Crime-DVS/Fighting/Fighting005_x264_110.npz: "Missing key 't' in npz file"
data/UCF-Crime-DVS/Fighting/Fighting015_x264_620.npz: "Missing key 't' in npz file"
data/UCF-Crime-DVS/Fighting/Fighting031_x264_562.npz: "Missing key 't' in npz file"
data/UCF-Crime-DVS/Fighting/Fighting014_x264_293.npz: "Missing key 't' in npz file"
data/UCF-Crime-DVS/Fighting/Fighting038_x264_50.npz: "Missing key 't' in npz file"
data/UCF-Crime-DVS/Fighting/Fighting023_x264_63.npz: "Missing key 't' in npz file"
data/UCF-Crime-DVS/Fighting/Fighting028_x264_151.npz: "Missing key 't' in npz file"
data/UCF-Crime-DVS/Fighting/Fighting026_x264_218.npz: "Missing key 't' in npz file"
data/UCF-Crime-DVS/Fighting/Fighting027_x264_240.npz: "Missing key 't' in npz file"
data/UCF-Crime-DVS/Fighting/Fighting013_x264_89.npz: "Missing key 't' in npz file"
data/UCF-Crime-DVS/Fighting/Fighting021_x264_222.npz: "Missing key 't' in npz file"
data/UCF-Crime-DVS/Fighting/Fighting008_01_x264_445.npz: "Missing key 't' in npz file"
data/UCF-Crime-DVS/Fighting/Fighting012_x264_72.npz: "Missing key 't' in npz file"
data/UCF-Crime-DVS/Fighting/Fighting019_x264_200.npz: "Missing key 't' in npz file"
data/UCF-Crime-DVS/Fighting/Fighting051_x264_409.npz: "Missing key 't' in npz file"
data/UCF-Crime-DVS/Stealing/Stealing053_x264_815.npz: "Missing key 't' in npz file"
data/UCF-Crime-DVS/Stealing/Stealing063_x264_723.npz: "Missing key 't' in npz file"
data/UCF-Crime-DVS/Stealing/Stealing093_x264npz_76.npz: "Missing key 't' in npz file"
data/UCF-Crime-DVS/Stealing/Stealing046_x264_643.npz: "Missing key 't' in npz file"
data/UCF-Crime-DVS/Stealing/Stealing008_x264npz_312.npz: "Missing key 't' in npz file"
data/UCF-Crime-DVS/Stealing/Stealing036_x264_157.npz: "Missing key 't' in npz file"
data/UCF-Crime-DVS/Stealing/Stealing078_x264_161.npz: "Missing key 't' in npz file"
data/UCF-Crime-DVS/Stealing/Stealing077_x264_1198.npz: "Missing key 't' in npz file"
data/UCF-Crime-DVS/Stealing/Stealing069_x264_49.npz: "Missing key 't' in npz file"
data/UCF-Crime-DVS/Stealing/Stealing054_x264_166.npz: "Missing key 't' in npz file"
data/UCF-Crime-DVS/Stealing/Stealing109_x264_589.npz: "Missing key 't' in npz file"
data/UCF-Crime-DVS/Stealing/Stealing023_x264npz_316.npz: "Missing key 't' in npz file"
data/UCF-Crime-DVS/Stealing/Stealing081_x264_78.npz: "Missing key 't' in npz file"
data/UCF-Crime-DVS/Stealing/Stealing058_x264_311.npz: "Missing key 't' in npz file"
data/UCF-Crime-DVS/Stealing/Stealing021_x264_256.npz: "Missing key 't' in npz file"
data/UCF-Crime-DVS/Stealing/Stealing079_x264_365.npz: "Missing key 't' in npz file"
data/UCF-Crime-DVS/Stealing/Stealing015_x264_111.npz: "Missing key 't' in npz file"
data/UCF-Crime-DVS/Stealing/Stealing068_x264_428.npz: "Missing key 't' in npz file"
data/UCF-Crime-DVS/Stealing/Stealing026_x264_171.npz: "Missing key 't' in npz file"
data/UCF-Crime-DVS/Stealing/Stealing095_x264_46.npz: "Missing key 't' in npz file"
data/UCF-Crime-DVS/Stealing/Stealing049_x264_91.npz: "Missing key 't' in npz file"
data/UCF-Crime-DVS/Stealing/Stealing075_x264_351.npz: "Missing key 't' in npz file"
data/UCF-Crime-DVS/Stealing/Stealing114_x264_75.npz: "Missing key 't' in npz file"
data/UCF-Crime-DVS/Stealing/Stealing104_x264npz_198.npz: "Missing key 't' in npz file"
data/UCF-Crime-DVS/Stealing/Stealing111_x264_293.npz: "Missing key 't' in npz file"
data/UCF-Crime-DVS/Stealing/Stealing009_x264_100.npz: "Missing key 't' in npz file"
data/UCF-Crime-DVS/Stealing/Stealing073_x264_94.npz: "Missing key 't' in npz file"
data/UCF-Crime-DVS/Stealing/Stealing061_x264_149.npz: "Missing key 't' in npz file"
data/UCF-Crime-DVS/Stealing/Stealing037_x264_297.npz: "Missing key 't' in npz file"
data/UCF-Crime-DVS/Stealing/Stealing031_x264_67.npz: "Missing key 't' in npz file"
data/UCF-Crime-DVS/Stealing/Stealing004_x264_415.npz: "Missing key 't' in npz file"
data/UCF-Crime-DVS/Stealing/Stealing010_x264_188.npz: "Missing key 't' in npz file"
data/UCF-Crime-DVS/Stealing/Stealing103_x264_379.npz: "Missing key 't' in npz file"
data/UCF-Crime-DVS/Stealing/Stealing013_x264_577.npz: "Missing key 't' in npz file"
data/UCF-Crime-DVS/Stealing/Stealing020_x264_412.npz: "Missing key 't' in npz file"
data/UCF-Crime-DVS/Stealing/Stealing110_x264_108.npz: "Missing key 't' in npz file"
data/UCF-Crime-DVS/Stealing/Stealing091_x264_37.npz: "Missing key 't' in npz file"
data/UCF-Crime-DVS/Stealing/Stealing089_x264npz_808.npz: "Missing key 't' in npz file"
data/UCF-Crime-DVS/Stealing/Stealing048_x264_472.npz: "Missing key 't' in npz file"
data/UCF-Crime-DVS/Stealing/Stealing050_x264npz_208.npz: "Missing key 't' in npz file"
data/UCF-Crime-DVS/Stealing/Stealing088_x264npz_802.npz: "Missing key 't' in npz file"
data/UCF-Crime-DVS/Stealing/Stealing092_x264_845.npz: "Missing key 't' in npz file"
data/UCF-Crime-DVS/Stealing/Stealing074_x264_149.npz: "Missing key 't' in npz file"
data/UCF-Crime-DVS/Stealing/Stealing084_x264_982.npz: "Missing key 't' in npz file"
data/UCF-Crime-DVS/Stealing/Stealing016_x264_152.npz: "Missing key 't' in npz file"
data/UCF-Crime-DVS/Stealing/Stealing062_x264_97.npz: "Missing key 't' in npz file"
data/UCF-Crime-DVS/Stealing/Stealing083_x264npz_282.npz: "Missing key 't' in npz file"
data/UCF-Crime-DVS/Stealing/Stealing029_x264_25.npz: "Missing key 't' in npz file"
data/UCF-Crime-DVS/Stealing/Stealing007_x264_192.npz: "Missing key 't' in npz file"
data/UCF-Crime-DVS/Stealing/Stealing017_x264_117.npz: "Missing key 't' in npz file"
data/UCF-Crime-DVS/Stealing/Stealing044_x264_200.npz: "Missing key 't' in npz file"
data/UCF-Crime-DVS/Stealing/Stealing096_x264_412.npz: "Missing key 't' in npz file"
data/UCF-Crime-DVS/Stealing/Stealing035_x264_698.npz: "Missing key 't' in npz file"
data/UCF-Crime-DVS/Stealing/Stealing100_x264_958.npz: "Missing key 't' in npz file"
data/UCF-Crime-DVS/Stealing/Stealing086_x264_1133.npz: "Missing key 't' in npz file"
data/UCF-Crime-DVS/Stealing/Stealing071_x264npz_59.npz: "Missing key 't' in npz file"
data/UCF-Crime-DVS/Stealing/Stealing066_x264_79.npz: "Missing key 't' in npz file"
data/UCF-Crime-DVS/Stealing/Stealing094_x264npz_243.npz: "Missing key 't' in npz file"
data/UCF-Crime-DVS/Stealing/Stealing043_x264_300.npz: "Missing key 't' in npz file"
data/UCF-Crime-DVS/Stealing/Stealing030_x264_52.npz: "Missing key 't' in npz file"
data/UCF-Crime-DVS/Stealing/Stealing098_x264npz_215.npz: "Missing key 't' in npz file"
data/UCF-Crime-DVS/Stealing/Stealing051_x264_207.npz: "Missing key 't' in npz file"
data/UCF-Crime-DVS/Stealing/Stealing101_x264_158.npz: "Missing key 't' in npz file"
data/UCF-Crime-DVS/Stealing/Stealing027_x264_118.npz: "Missing key 't' in npz file"
data/UCF-Crime-DVS/Stealing/Stealing072_x264_725.npz: "Missing key 't' in npz file"
data/UCF-Crime-DVS/Stealing/Stealing042_x264npz_262.npz: "Missing key 't' in npz file"
data/UCF-Crime-DVS/Stealing/Stealing105_x264_69.npz: "Missing key 't' in npz file"
data/UCF-Crime-DVS/Stealing/Stealing045_x264_665.npz: "Missing key 't' in npz file"
data/UCF-Crime-DVS/Stealing/Stealing047_x264_84.npz: "Missing key 't' in npz file"
data/UCF-Crime-DVS/Stealing/Stealing067_x264_130.npz: "Missing key 't' in npz file"
data/UCF-Crime-DVS/Stealing/Stealing060_x264_94.npz: "Missing key 't' in npz file"
data/UCF-Crime-DVS/Stealing/Stealing102_x264_76.npz: "Missing key 't' in npz file"
data/UCF-Crime-DVS/Stealing/Stealing106_x264npz_88.npz: "Missing key 't' in npz file"
data/UCF-Crime-DVS/Stealing/Stealing025_x264_1362.npz: "Missing key 't' in npz file"
data/UCF-Crime-DVS/Stealing/Stealing065_x264_342.npz: "Missing key 't' in npz file"
data/UCF-Crime-DVS/Stealing/Stealing059_x264_139.npz: "Missing key 't' in npz file"
data/UCF-Crime-DVS/Stealing/Stealing070_x264_83.npz: "Missing key 't' in npz file"
data/UCF-Crime-DVS/Stealing/Stealing113_x264_97.npz: "Missing key 't' in npz file"
data/UCF-Crime-DVS/Stealing/Stealing108_x264_247.npz: "Missing key 't' in npz file"
data/UCF-Crime-DVS/Stealing/Stealing082_x264_104.npz: "Missing key 't' in npz file"
data/UCF-Crime-DVS/Stealing/Stealing097_x264_71.npz: "Missing key 't' in npz file"
data/UCF-Crime-DVS/Stealing/Stealing018_x264_127.npz: "Missing key 't' in npz file"
data/UCF-Crime-DVS/Stealing/Stealing022_x264_153.npz: "Missing key 't' in npz file"
data/UCF-Crime-DVS/Stealing/Stealing112_x264_130.npz: "Missing key 't' in npz file"
data/UCF-Crime-DVS/Stealing/Stealing055_x264_100.npz: "Missing key 't' in npz file"
data/UCF-Crime-DVS/Stealing/Stealing057_x264_188.npz: "Missing key 't' in npz file"
data/UCF-Crime-DVS/Stealing/Stealing003_x264_223.npz: "Missing key 't' in npz file"
data/UCF-Crime-DVS/Stealing/Stealing019_x264_306.npz: "Missing key 't' in npz file"
data/UCF-Crime-DVS/Stealing/Stealing012_x264_168.npz: "Missing key 't' in npz file"
data/UCF-Crime-DVS/Stealing/Stealing006_x264_200.npz: "Missing key 't' in npz file"
data/UCF-Crime-DVS/Stealing/Stealing087_x264_308.npz: "Missing key 't' in npz file"
data/UCF-Crime-DVS/Stealing/Stealing107_x264_280.npz: "Missing key 't' in npz file"
data/UCF-Crime-DVS/Stealing/Stealing011_x264npz_231.npz: "Missing key 't' in npz file"
data/UCF-Crime-DVS/Stealing/Stealing032_x264npz_336.npz: "Missing key 't' in npz file"
data/UCF-Crime-DVS/Stealing/Stealing002_x264npz_220.npz: "Missing key 't' in npz file"
data/UCF-Crime-DVS/Stealing/Stealing080_x264_65.npz: "Missing key 't' in npz file"
data/UCF-Crime-DVS/Stealing/Stealing028_x264_109.npz: "Missing key 't' in npz file"
data/UCF-Crime-DVS/Stealing/Stealing014_x264_209.npz: "Missing key 't' in npz file"
data/UCF-Crime-DVS/Stealing/Stealing052_x264_210.npz: "Missing key 't' in npz file"
data/UCF-Crime-DVS/Stealing/Stealing024_x264npz_153.npz: "Missing key 't' in npz file"
data/UCF-Crime-DVS/Arson/Arson019_06_x264_919.npz: "Missing key 't' in npz file"
data/UCF-Crime-DVS/Arson/Arson012_x264_54.npz: "Missing key 't' in npz file"
data/UCF-Crime-DVS/Arson/Arson009_x264_46.npz: "Missing key 't' in npz file"
data/UCF-Crime-DVS/Arson/Arson019_05_x264_945.npz: "Missing key 't' in npz file"
data/UCF-Crime-DVS/Arson/Arson052_x264_297.npz: "Missing key 't' in npz file"
data/UCF-Crime-DVS/Arson/Arson019_03_x264_1016.npz: "Missing key 't' in npz file"
data/UCF-Crime-DVS/Arson/Arson008_x264_75.npz: "Missing key 't' in npz file"
data/UCF-Crime-DVS/Arson/Arson026_x264_367.npz: "Missing key 't' in npz file"
data/UCF-Crime-DVS/Arson/Arson050_x264_98.npz: "Missing key 't' in npz file"
data/UCF-Crime-DVS/Arson/Arson013_x264_394.npz: "Missing key 't' in npz file"
data/UCF-Crime-DVS/Arson/Arson011_x264_77.npz: "Missing key 't' in npz file"
data/UCF-Crime-DVS/Arson/Arson040_x264_176.npz: "Missing key 't' in npz file"
data/UCF-Crime-DVS/Arson/Arson037_x264_49.npz: "Missing key 't' in npz file"
data/UCF-Crime-DVS/Arson/Arson019_04_x264_1023.npz: "Missing key 't' in npz file"
data/UCF-Crime-DVS/Arson/Arson031_x264_178.npz: "Missing key 't' in npz file"
data/UCF-Crime-DVS/Arson/Arson046_x264_128.npz: "Missing key 't' in npz file"
data/UCF-Crime-DVS/Arson/Arson049_x264_24.npz: "Missing key 't' in npz file"
data/UCF-Crime-DVS/Arson/Arson029_x264_82.npz: "Missing key 't' in npz file"
data/UCF-Crime-DVS/Arson/Arson027_x264_166.npz: "Missing key 't' in npz file"
data/UCF-Crime-DVS/Arson/Arson020_x264_149.npz: "Missing key 't' in npz file"
data/UCF-Crime-DVS/Arson/Arson018_x264_52.npz: "Missing key 't' in npz file"
data/UCF-Crime-DVS/Arson/Arson036_x264_104.npz: "Missing key 't' in npz file"
data/UCF-Crime-DVS/Arson/Arson038_x264_45.npz: "Missing key 't' in npz file"
data/UCF-Crime-DVS/Arson/Arson047_x264_89.npz: "Missing key 't' in npz file"
data/UCF-Crime-DVS/Arson/Arson014_x264_163.npz: "Missing key 't' in npz file"
data/UCF-Crime-DVS/Arson/Arson010_x264_197.npz: "Missing key 't' in npz file"
data/UCF-Crime-DVS/Arson/Arson045_x264_232.npz: "Missing key 't' in npz file"
data/UCF-Crime-DVS/Arson/Arson017_x264_86.npz: "Missing key 't' in npz file"
data/UCF-Crime-DVS/Arson/Arson048_x264_23.npz: "Missing key 't' in npz file"
data/UCF-Crime-DVS/Arson/Arson039_x264_209.npz: "Missing key 't' in npz file"
data/UCF-Crime-DVS/Arson/Arson019_07_x264_919.npz: "Missing key 't' in npz file"
data/UCF-Crime-DVS/Arson/Arson022_x264_537.npz: "Missing key 't' in npz file"
data/UCF-Crime-DVS/Arson/Arson053_x264_421.npz: "Missing key 't' in npz file"
data/UCF-Crime-DVS/Arson/Arson019_08_x264_1126.npz: "Missing key 't' in npz file"
data/UCF-Crime-DVS/Arson/Arson019_02_x264_977.npz: "Missing key 't' in npz file"
data/UCF-Crime-DVS/Arson/Arson003_x264_249.npz: "Missing key 't' in npz file"
data/UCF-Crime-DVS/Arson/Arson021_x264_88.npz: "Missing key 't' in npz file"
data/UCF-Crime-DVS/Arson/Arson034_x264_150.npz: "Missing key 't' in npz file"
data/UCF-Crime-DVS/Arson/Arson006_x264_174.npz: "Missing key 't' in npz file"
data/UCF-Crime-DVS/Arson/Arson016_x264_111.npz: "Missing key 't' in npz file"
data/UCF-Crime-DVS/Arson/Arson001_x264_262.npz: "Missing key 't' in npz file"
data/UCF-Crime-DVS/Arson/Arson042_x264_367.npz: "Missing key 't' in npz file"
data/UCF-Crime-DVS/Arson/Arson035_x264_88.npz: "Missing key 't' in npz file"
data/UCF-Crime-DVS/Arson/Arson041_x264_233.npz: "Missing key 't' in npz file"
data/UCF-Crime-DVS/Arson/Arson019_01_x264_984.npz: "Missing key 't' in npz file"
data/UCF-Crime-DVS/Arson/Arson015_x264_637.npz: "Missing key 't' in npz file"
data/UCF-Crime-DVS/Arson/Arson030_x264_313.npz: "Missing key 't' in npz file"
data/UCF-Crime-DVS/Arson/Arson007_x264_388.npz: "Missing key 't' in npz file"
data/UCF-Crime-DVS/Arson/Arson002_x264_274.npz: "Missing key 't' in npz file"
data/UCF-Crime-DVS/Arson/Arson051_x264_66.npz: "Missing key 't' in npz file"
data/UCF-Crime-DVS/Arson/Arson005_x264_72.npz: "Missing key 't' in npz file"
data/UCF-Crime-DVS/Arson/Arson023_x264_83.npz: "Missing key 't' in npz file"
data/UCF-Crime-DVS/Arson/Arson028_x264_149.npz: "Missing key 't' in npz file"
data/UCF-Crime-DVS/Arson/Arson025_x264_328.npz: "Missing key 't' in npz file"
data/UCF-Crime-DVS/Arson/Arson044_x264_73.npz: "Missing key 't' in npz file"
data/UCF-Crime-DVS/Arson/Arson032_x264_169.npz: "Missing key 't' in npz file"
data/UCF-Crime-DVS/Arson/Arson024_x264_207.npz: "Missing key 't' in npz file"
data/UCF-Crime-DVS/Explosion/Explosion035_x264_178.npz: "Missing key 't' in npz file"
data/UCF-Crime-DVS/Explosion/Explosion045_x264_47.npz: "Missing key 't' in npz file"
data/UCF-Crime-DVS/Explosion/Explosion038_x264_168.npz: "Missing key 't' in npz file"
data/UCF-Crime-DVS/Explosion/Explosion021_x264_48.npz: "Missing key 't' in npz file"
data/UCF-Crime-DVS/Explosion/Explosion026_x264_160.npz: "Missing key 't' in npz file"
data/UCF-Crime-DVS/Explosion/Explosion046_04_x264_1875.npz: "Missing key 't' in npz file"
data/UCF-Crime-DVS/Explosion/Explosion004_x264_118.npz: "Missing key 't' in npz file"
data/UCF-Crime-DVS/Explosion/Explosion050_x264_17.npz: "Missing key 't' in npz file"
data/UCF-Crime-DVS/Explosion/Explosion043_x264_477.npz: "Missing key 't' in npz file"
data/UCF-Crime-DVS/Explosion/Explosion011_x264_97.npz: "Missing key 't' in npz file"
data/UCF-Crime-DVS/Explosion/Explosion002_x264_250.npz: "Missing key 't' in npz file"
data/UCF-Crime-DVS/Explosion/Explosion006_x264_118.npz: "Missing key 't' in npz file"
data/UCF-Crime-DVS/Explosion/Explosion034_x264_25.npz: "Missing key 't' in npz file"
data/UCF-Crime-DVS/Explosion/Explosion041_x264_171.npz: "Missing key 't' in npz file"
data/UCF-Crime-DVS/Explosion/Explosion052_x264_228.npz: "Missing key 't' in npz file"
data/UCF-Crime-DVS/Explosion/Explosion022_x264_223.npz: "Missing key 't' in npz file"
data/UCF-Crime-DVS/Explosion/Explosion024_x264_77.npz: "Missing key 't' in npz file"
data/UCF-Crime-DVS/Explosion/Explosion020_x264_80.npz: "Missing key 't' in npz file"
data/UCF-Crime-DVS/Explosion/Explosion046_02_x264_1875.npz: "Missing key 't' in npz file"
data/UCF-Crime-DVS/Explosion/Explosion028_x264_105.npz: "Missing key 't' in npz file"
data/UCF-Crime-DVS/Explosion/Explosion032_x264_131.npz: "Missing key 't' in npz file"
data/UCF-Crime-DVS/Explosion/Explosion039_x264_63.npz: "Missing key 't' in npz file"
data/UCF-Crime-DVS/Explosion/Explosion051_x264_176.npz: "Missing key 't' in npz file"
data/UCF-Crime-DVS/Explosion/Explosion015_x264_53.npz: "Missing key 't' in npz file"
data/UCF-Crime-DVS/Explosion/Explosion030_x264_202.npz: "Missing key 't' in npz file"
data/UCF-Crime-DVS/Explosion/Explosion014_x264_79.npz: "Missing key 't' in npz file"
data/UCF-Crime-DVS/Explosion/Explosion017_x264_101.npz: "Missing key 't' in npz file"
data/UCF-Crime-DVS/Explosion/Explosion009_x264_67.npz: "Missing key 't' in npz file"
data/UCF-Crime-DVS/Explosion/Explosion037_x264_59.npz: "Missing key 't' in npz file"
data/UCF-Crime-DVS/Explosion/Explosion046_01_x264_1368.npz: "Missing key 't' in npz file"
data/UCF-Crime-DVS/Explosion/Explosion007_x264_1017.npz: "Missing key 't' in npz file"
data/UCF-Crime-DVS/Explosion/Explosion018_x264_95.npz: "Missing key 't' in npz file"
data/UCF-Crime-DVS/Explosion/Explosion001_x264_37.npz: "Missing key 't' in npz file"
data/UCF-Crime-DVS/Explosion/Explosion042_x264_172.npz: "Missing key 't' in npz file"
data/UCF-Crime-DVS/Explosion/Explosion023_x264_145.npz: "Missing key 't' in npz file"
data/UCF-Crime-DVS/Explosion/Explosion046_05_x264_1875.npz: "Missing key 't' in npz file"
data/UCF-Crime-DVS/Explosion/Explosion048_x264_28.npz: "Missing key 't' in npz file"
data/UCF-Crime-DVS/Explosion/Explosion013_x264_206.npz: "Missing key 't' in npz file"
data/UCF-Crime-DVS/Explosion/Explosion044_x264_44.npz: "Missing key 't' in npz file"
data/UCF-Crime-DVS/Explosion/Explosion033_x264_197.npz: "Missing key 't' in npz file"
data/UCF-Crime-DVS/Explosion/Explosion008_x264_108.npz: "Missing key 't' in npz file"
data/UCF-Crime-DVS/Explosion/Explosion019_x264_21.npz: "Missing key 't' in npz file"
data/UCF-Crime-DVS/Explosion/Explosion036_x264_332.npz: "Missing key 't' in npz file"
data/UCF-Crime-DVS/Explosion/Explosion010_x264_155.npz: "Missing key 't' in npz file"
data/UCF-Crime-DVS/Explosion/Explosion005_x264_42.npz: "Missing key 't' in npz file"
data/UCF-Crime-DVS/Explosion/Explosion046_03_x264_1875.npz: "Missing key 't' in npz file"
data/UCF-Crime-DVS/Explosion/Explosion027_x264_47.npz: "Missing key 't' in npz file"
data/UCF-Crime-DVS/Explosion/Explosion040_x264_285.npz: "Missing key 't' in npz file"
data/UCF-Crime-DVS/Explosion/Explosion016_x264_59.npz: "Missing key 't' in npz file"
data/UCF-Crime-DVS/Explosion/Explosion003_x264_35.npz: "Missing key 't' in npz file"
data/UCF-Crime-DVS/Explosion/Explosion012_x264_44.npz: "Missing key 't' in npz file"
data/UCF-Crime-DVS/Explosion/Explosion047_x264_86.npz: "Missing key 't' in npz file"
data/UCF-Crime-DVS/Explosion/Explosion025_x264_32.npz: "Missing key 't' in npz file"
data/UCF-Crime-DVS/Explosion/Explosion029_x264_150.npz: "Missing key 't' in npz file"
data/UCF-Crime-DVS/Vandalism/Vandalism042_x264_224.npz: "Missing key 't' in npz file"
data/UCF-Crime-DVS/Vandalism/Vandalism008_x264_786.npz: "Missing key 't' in npz file"
data/UCF-Crime-DVS/Vandalism/Vandalism049_x264_499.npz: "Missing key 't' in npz file"
data/UCF-Crime-DVS/Vandalism/Vandalism011_x264_777.npz: "Missing key 't' in npz file"
data/UCF-Crime-DVS/Vandalism/Vandalism040_x264npz_64.npz: "Missing key 't' in npz file"
data/UCF-Crime-DVS/Vandalism/Vandalism035_x264_74.npz: "Missing key 't' in npz file"
data/UCF-Crime-DVS/Vandalism/Vandalism046_x264_130.npz: "Missing key 't' in npz file"
data/UCF-Crime-DVS/Vandalism/Vandalism033_x264_141.npz: "Missing key 't' in npz file"
data/UCF-Crime-DVS/Vandalism/Vandalism026_x264_60.npz: "Missing key 't' in npz file"
data/UCF-Crime-DVS/Vandalism/Vandalism036_x264_89.npz: "Missing key 't' in npz file"
data/UCF-Crime-DVS/Vandalism/Vandalism017_x264_62.npz: "Missing key 't' in npz file"
data/UCF-Crime-DVS/Vandalism/Vandalism010_x264_246.npz: "Missing key 't' in npz file"
data/UCF-Crime-DVS/Vandalism/Vandalism019_x264_127.npz: "Missing key 't' in npz file"
data/UCF-Crime-DVS/Vandalism/Vandalism022_x264_245.npz: "Missing key 't' in npz file"
data/UCF-Crime-DVS/Vandalism/Vandalism045_x264_271.npz: "Missing key 't' in npz file"
data/UCF-Crime-DVS/Vandalism/Vandalism041_x264_303.npz: "Missing key 't' in npz file"
data/UCF-Crime-DVS/Vandalism/Vandalism044_x264_287.npz: "Missing key 't' in npz file"
data/UCF-Crime-DVS/Vandalism/Vandalism037_x264_188.npz: "Missing key 't' in npz file"
data/UCF-Crime-DVS/Vandalism/Vandalism048_x264_448.npz: "Missing key 't' in npz file"
data/UCF-Crime-DVS/Vandalism/Vandalism034_x264_109.npz: "Missing key 't' in npz file"
data/UCF-Crime-DVS/Vandalism/Vandalism004_x264npz_175.npz: "Missing key 't' in npz file"
data/UCF-Crime-DVS/Vandalism/Vandalism024_x264_62.npz: "Missing key 't' in npz file"
data/UCF-Crime-DVS/Vandalism/Vandalism029_x264_27.npz: "Missing key 't' in npz file"
data/UCF-Crime-DVS/Vandalism/Vandalism007_x264npz_71.npz: "Missing key 't' in npz file"
data/UCF-Crime-DVS/Vandalism/Vandalism039_x264_55.npz: "Missing key 't' in npz file"
data/UCF-Crime-DVS/Vandalism/Vandalism032_x264_42.npz: "Missing key 't' in npz file"
data/UCF-Crime-DVS/Vandalism/Vandalism028_x264_280.npz: "Missing key 't' in npz file"
data/UCF-Crime-DVS/Vandalism/Vandalism002_x264_114.npz: "Missing key 't' in npz file"
data/UCF-Crime-DVS/Vandalism/Vandalism018_x264_346.npz: "Missing key 't' in npz file"
data/UCF-Crime-DVS/Vandalism/Vandalism015_x264npz_185.npz: "Missing key 't' in npz file"
data/UCF-Crime-DVS/Vandalism/Vandalism009_x264_83.npz: "Missing key 't' in npz file"
data/UCF-Crime-DVS/Vandalism/Vandalism021_x264_84.npz: "Missing key 't' in npz file"
data/UCF-Crime-DVS/Vandalism/Vandalism012_x264_52.npz: "Missing key 't' in npz file"
data/UCF-Crime-DVS/Vandalism/Vandalism025_x264_268.npz: "Missing key 't' in npz file"
data/UCF-Crime-DVS/Vandalism/Vandalism003_x264_90.npz: "Missing key 't' in npz file"
data/UCF-Crime-DVS/Vandalism/Vandalism027_x264_43.npz: "Missing key 't' in npz file"
data/UCF-Crime-DVS/Vandalism/Vandalism030_x264_89.npz: "Missing key 't' in npz file"
data/UCF-Crime-DVS/Vandalism/Vandalism020_x264_90.npz: "Missing key 't' in npz file"
data/UCF-Crime-DVS/Vandalism/Vandalism016_x264_362.npz: "Missing key 't' in npz file"
data/UCF-Crime-DVS/Vandalism/Vandalism013_x264_148.npz: "Missing key 't' in npz file"
data/UCF-Crime-DVS/Vandalism/Vandalism014_x264_26.npz: "Missing key 't' in npz file"
data/UCF-Crime-DVS/Vandalism/Vandalism001_x264_89.npz: "Missing key 't' in npz file"
data/UCF-Crime-DVS/Vandalism/Vandalism038_x264npz_176.npz: "Missing key 't' in npz file"
data/UCF-Crime-DVS/Vandalism/Vandalism043_x264_202.npz: "Missing key 't' in npz file"
data/UCF-Crime-DVS/Vandalism/Vandalism005_x264_101.npz: "Missing key 't' in npz file"
data/UCF-Crime-DVS/Vandalism/Vandalism023_x264npz_393.npz: "Missing key 't' in npz file"
data/UCF-Crime-DVS/Vandalism/Vandalism031_x264_112.npz: "Missing key 't' in npz file"
data/UCF-Crime-DVS/Vandalism/Vandalism050_x264npz_57.npz: "Missing key 't' in npz file"
data/UCF-Crime-DVS/Vandalism/Vandalism006_x264_50.npz: "Missing key 't' in npz file"
data/UCF-Crime-DVS/Vandalism/Vandalism047_x264_154.npz: "Missing key 't' in npz file"
data/UCF-Crime-DVS/Robbery/Robbery014_01_x264.npz: Processing timeout exceeded
data/UCF-Crime-DVS/Assualt/Assault006_x264.npz: Processing timeout exceeded
data/UCF-Crime-DVS/Shoplifting/Shoplifting012_x264.npz: Processing timeout exceeded
data/UCF-Crime-DVS/Arson/Arson024_x264.npz: Processing timeout exceeded
data/UCF-Crime-DVS/Arson/Arson019_03_x264.npz: Processing timeout exceeded
